Started GET "/" for ::1 at 2020-10-27 19:41:14 +0900
  [1m[35m (10.2ms)[0m  [1m[34mSELECT sqlite_version(*)[0m
Processing by Rails::WelcomeController#index as HTML
  Rendering C:/Ruby26-x64/lib/ruby/gems/2.6.0/gems/railties-6.0.3.4/lib/rails/templates/rails/welcome/index.html.erb
  Rendered C:/Ruby26-x64/lib/ruby/gems/2.6.0/gems/railties-6.0.3.4/lib/rails/templates/rails/welcome/index.html.erb (Duration: 28.7ms | Allocations: 476)
Completed 200 OK in 96ms (Views: 61.2ms | ActiveRecord: 0.0ms | Allocations: 2775)


Started GET "/home/top" for ::1 at 2020-10-27 19:45:57 +0900
  [1m[35m (0.5ms)[0m  [1m[34mSELECT sqlite_version(*)[0m
Processing by HomeController#top as HTML
  Rendering home/top.html.erb within layouts/application
  Rendered home/top.html.erb within layouts/application (Duration: 0.8ms | Allocations: 206)
[Webpacker] Compiling...
[Webpacker] Compiled all packs in C:/Users/sharo/app/public/packs
[Webpacker] Hash: 15d1bb7b54cf6326b9ba
Version: webpack 4.44.2
Time: 1342ms
Built at: 2020-10-27 19:46:00
                                     Asset       Size       Chunks                         Chunk Names
    js/application-9afcbb5693aa87623e69.js    124 KiB  application  [emitted] [immutable]  application
js/application-9afcbb5693aa87623e69.js.map    139 KiB  application  [emitted] [dev]        application
                             manifest.json  364 bytes               [emitted]              
Entrypoint application = js/application-9afcbb5693aa87623e69.js js/application-9afcbb5693aa87623e69.js.map
[./app/javascript/channels sync recursive _channel\.js$] ./app/javascript/channels sync _channel\.js$ 160 bytes {application} [built]
[./app/javascript/channels/index.js] 211 bytes {application} [built]
[./app/javascript/packs/application.js] 749 bytes {application} [built]
[./node_modules/webpack/buildin/module.js] (webpack)/buildin/module.js 552 bytes {application} [built]
    + 3 hidden modules

Completed 200 OK in 3239ms (Views: 3234.9ms | ActiveRecord: 0.0ms | Allocations: 20893)


Started GET "/home/top" for ::1 at 2020-10-27 19:51:59 +0900
  [1m[35m (0.1ms)[0m  [1m[34mSELECT sqlite_version(*)[0m
Processing by HomeController#top as HTML
  Rendering home/top.html.erb within layouts/application
  Rendered home/top.html.erb within layouts/application (Duration: 0.4ms | Allocations: 95)
[Webpacker] Everything's up-to-date. Nothing to do
Completed 200 OK in 36ms (Views: 34.5ms | ActiveRecord: 0.0ms | Allocations: 5292)


Started GET "/home/top" for ::1 at 2020-10-27 19:52:40 +0900
Processing by HomeController#top as HTML
  Rendering home/top.html.erb within layouts/application
  Rendered home/top.html.erb within layouts/application (Duration: 0.0ms | Allocations: 5)
[Webpacker] Everything's up-to-date. Nothing to do
Completed 200 OK in 29ms (Views: 28.8ms | ActiveRecord: 0.0ms | Allocations: 4292)


Started GET "/home/top" for ::1 at 2020-10-27 19:52:43 +0900
Processing by HomeController#top as HTML
  Rendering home/top.html.erb within layouts/application
  Rendered home/top.html.erb within layouts/application (Duration: 0.4ms | Allocations: 86)
[Webpacker] Everything's up-to-date. Nothing to do
Completed 200 OK in 35ms (Views: 33.4ms | ActiveRecord: 0.0ms | Allocations: 5285)


Started GET "/home/top" for ::1 at 2020-10-27 19:54:55 +0900
Processing by HomeController#top as HTML
  Rendering home/top.html.erb within layouts/application
  Rendered home/top.html.erb within layouts/application (Duration: 0.3ms | Allocations: 92)
[Webpacker] Everything's up-to-date. Nothing to do
Completed 200 OK in 36ms (Views: 34.0ms | ActiveRecord: 0.0ms | Allocations: 5293)


Started GET "/home/top" for ::1 at 2020-10-27 19:59:13 +0900
  [1m[35m (0.1ms)[0m  [1m[34mSELECT sqlite_version(*)[0m
  
ActionController::RoutingError (No route matches [GET] "/home/top"):
  
actionpack (6.0.3.4) lib/action_dispatch/middleware/debug_exceptions.rb:36:in `call'
web-console (4.0.4) lib/web_console/middleware.rb:132:in `call_app'
web-console (4.0.4) lib/web_console/middleware.rb:28:in `block in call'
web-console (4.0.4) lib/web_console/middleware.rb:17:in `catch'
web-console (4.0.4) lib/web_console/middleware.rb:17:in `call'
actionpack (6.0.3.4) lib/action_dispatch/middleware/show_exceptions.rb:33:in `call'
railties (6.0.3.4) lib/rails/rack/logger.rb:37:in `call_app'
railties (6.0.3.4) lib/rails/rack/logger.rb:26:in `block in call'
activesupport (6.0.3.4) lib/active_support/tagged_logging.rb:80:in `block in tagged'
activesupport (6.0.3.4) lib/active_support/tagged_logging.rb:28:in `tagged'
activesupport (6.0.3.4) lib/active_support/tagged_logging.rb:80:in `tagged'
railties (6.0.3.4) lib/rails/rack/logger.rb:26:in `call'
sprockets-rails (3.2.2) lib/sprockets/rails/quiet_assets.rb:13:in `call'
actionpack (6.0.3.4) lib/action_dispatch/middleware/remote_ip.rb:81:in `call'
actionpack (6.0.3.4) lib/action_dispatch/middleware/request_id.rb:27:in `call'
rack (2.2.3) lib/rack/method_override.rb:24:in `call'
rack (2.2.3) lib/rack/runtime.rb:22:in `call'
activesupport (6.0.3.4) lib/active_support/cache/strategy/local_cache_middleware.rb:29:in `call'
actionpack (6.0.3.4) lib/action_dispatch/middleware/executor.rb:14:in `call'
actionpack (6.0.3.4) lib/action_dispatch/middleware/static.rb:126:in `call'
rack (2.2.3) lib/rack/sendfile.rb:110:in `call'
actionpack (6.0.3.4) lib/action_dispatch/middleware/host_authorization.rb:82:in `call'
webpacker (4.3.0) lib/webpacker/dev_server_proxy.rb:23:in `perform_request'
rack-proxy (0.6.5) lib/rack/proxy.rb:57:in `call'
railties (6.0.3.4) lib/rails/engine.rb:527:in `call'
puma (4.3.6) lib/puma/configuration.rb:228:in `call'
puma (4.3.6) lib/puma/server.rb:713:in `handle_request'
puma (4.3.6) lib/puma/server.rb:472:in `process_client'
puma (4.3.6) lib/puma/server.rb:328:in `block in run'
puma (4.3.6) lib/puma/thread_pool.rb:134:in `block in spawn_thread'
Started GET "/top" for ::1 at 2020-10-27 19:59:25 +0900
Processing by HomeController#top as HTML
  Rendering home/top.html.erb within layouts/application
  Rendered home/top.html.erb within layouts/application (Duration: 0.0ms | Allocations: 4)
[Webpacker] Everything's up-to-date. Nothing to do
Completed 200 OK in 31ms (Views: 30.2ms | ActiveRecord: 0.0ms | Allocations: 4488)


Started GET "/top" for ::1 at 2020-10-27 20:18:24 +0900
  [1m[35m (0.1ms)[0m  [1m[34mSELECT sqlite_version(*)[0m
Processing by HomeController#top as HTML
  Rendering home/top.html.erb within layouts/application
  Rendered home/top.html.erb within layouts/application (Duration: 0.3ms | Allocations: 96)
Completed 500 Internal Server Error in 31ms (ActiveRecord: 0.0ms | Allocations: 6011)


  
ActionView::Template::Error (Error: Invalid CSS after "}": expected 1 selector or at-rule, was "les related to the "
        on line 239:1 of app/assets/stylesheets/home.scss
>> }les related to the home controller here.

   ^
):
     5:     <%= csrf_meta_tags %>
     6:     <%= csp_meta_tag %>
     7: 
     8:     <%= stylesheet_link_tag 'application', media: 'all', 'data-turbolinks-track': 'reload' %>
     9:     <%= javascript_pack_tag 'application', 'data-turbolinks-track': 'reload' %>
    10:   </head>
    11: 
  
app/assets/stylesheets/home.scss:239
app/views/layouts/application.html.erb:8
Started GET "/" for ::1 at 2020-10-27 20:18:28 +0900
Processing by Rails::WelcomeController#index as HTML
  Rendering C:/Ruby26-x64/lib/ruby/gems/2.6.0/gems/railties-6.0.3.4/lib/rails/templates/rails/welcome/index.html.erb
  Rendered C:/Ruby26-x64/lib/ruby/gems/2.6.0/gems/railties-6.0.3.4/lib/rails/templates/rails/welcome/index.html.erb (Duration: 4.4ms | Allocations: 189)
Completed 200 OK in 7ms (Views: 5.3ms | ActiveRecord: 0.0ms | Allocations: 972)


Started GET "/top" for ::1 at 2020-10-27 20:20:06 +0900
Processing by HomeController#top as HTML
  Rendering home/top.html.erb within layouts/application
  Rendered home/top.html.erb within layouts/application (Duration: 0.4ms | Allocations: 94)
[Webpacker] Everything's up-to-date. Nothing to do
Completed 200 OK in 115ms (Views: 113.7ms | ActiveRecord: 0.0ms | Allocations: 12798)


Started GET "/top" for ::1 at 2020-10-27 20:23:14 +0900
  [1m[35m (0.1ms)[0m  [1m[34mSELECT sqlite_version(*)[0m
  
ActionController::RoutingError (No route matches [GET] "/top"):
  
actionpack (6.0.3.4) lib/action_dispatch/middleware/debug_exceptions.rb:36:in `call'
web-console (4.0.4) lib/web_console/middleware.rb:132:in `call_app'
web-console (4.0.4) lib/web_console/middleware.rb:28:in `block in call'
web-console (4.0.4) lib/web_console/middleware.rb:17:in `catch'
web-console (4.0.4) lib/web_console/middleware.rb:17:in `call'
actionpack (6.0.3.4) lib/action_dispatch/middleware/show_exceptions.rb:33:in `call'
railties (6.0.3.4) lib/rails/rack/logger.rb:37:in `call_app'
railties (6.0.3.4) lib/rails/rack/logger.rb:26:in `block in call'
activesupport (6.0.3.4) lib/active_support/tagged_logging.rb:80:in `block in tagged'
activesupport (6.0.3.4) lib/active_support/tagged_logging.rb:28:in `tagged'
activesupport (6.0.3.4) lib/active_support/tagged_logging.rb:80:in `tagged'
railties (6.0.3.4) lib/rails/rack/logger.rb:26:in `call'
sprockets-rails (3.2.2) lib/sprockets/rails/quiet_assets.rb:13:in `call'
actionpack (6.0.3.4) lib/action_dispatch/middleware/remote_ip.rb:81:in `call'
actionpack (6.0.3.4) lib/action_dispatch/middleware/request_id.rb:27:in `call'
rack (2.2.3) lib/rack/method_override.rb:24:in `call'
rack (2.2.3) lib/rack/runtime.rb:22:in `call'
activesupport (6.0.3.4) lib/active_support/cache/strategy/local_cache_middleware.rb:29:in `call'
actionpack (6.0.3.4) lib/action_dispatch/middleware/executor.rb:14:in `call'
actionpack (6.0.3.4) lib/action_dispatch/middleware/static.rb:126:in `call'
rack (2.2.3) lib/rack/sendfile.rb:110:in `call'
actionpack (6.0.3.4) lib/action_dispatch/middleware/host_authorization.rb:82:in `call'
webpacker (4.3.0) lib/webpacker/dev_server_proxy.rb:23:in `perform_request'
rack-proxy (0.6.5) lib/rack/proxy.rb:57:in `call'
railties (6.0.3.4) lib/rails/engine.rb:527:in `call'
puma (4.3.6) lib/puma/configuration.rb:228:in `call'
puma (4.3.6) lib/puma/server.rb:713:in `handle_request'
puma (4.3.6) lib/puma/server.rb:472:in `process_client'
puma (4.3.6) lib/puma/server.rb:328:in `block in run'
puma (4.3.6) lib/puma/thread_pool.rb:134:in `block in spawn_thread'
Started GET "/" for ::1 at 2020-10-27 20:23:17 +0900
Processing by HomeController#top as HTML
  Rendering home/top.html.erb within layouts/application
  Rendered home/top.html.erb within layouts/application (Duration: 0.0ms | Allocations: 4)
[Webpacker] Everything's up-to-date. Nothing to do
Completed 200 OK in 31ms (Views: 30.6ms | ActiveRecord: 0.0ms | Allocations: 4457)


Started GET "/" for ::1 at 2020-10-27 20:26:13 +0900
Processing by HomeController#top as HTML
  Rendering home/top.html.erb within layouts/application
  Rendered home/top.html.erb within layouts/application (Duration: 0.4ms | Allocations: 97)
[Webpacker] Everything's up-to-date. Nothing to do
Completed 200 OK in 36ms (Views: 34.3ms | ActiveRecord: 0.0ms | Allocations: 5307)


Started GET "/" for ::1 at 2020-10-27 20:26:15 +0900
Processing by HomeController#top as HTML
  Rendering home/top.html.erb within layouts/application
  Rendered home/top.html.erb within layouts/application (Duration: 0.0ms | Allocations: 4)
[Webpacker] Everything's up-to-date. Nothing to do
Completed 200 OK in 31ms (Views: 30.3ms | ActiveRecord: 0.0ms | Allocations: 4294)


Started GET "/" for ::1 at 2020-10-27 20:26:18 +0900
Processing by HomeController#top as HTML
  Rendering home/top.html.erb within layouts/application
  Rendered home/top.html.erb within layouts/application (Duration: 0.0ms | Allocations: 4)
[Webpacker] Everything's up-to-date. Nothing to do
Completed 200 OK in 31ms (Views: 30.3ms | ActiveRecord: 0.0ms | Allocations: 4307)


Started GET "/top" for ::1 at 2020-10-27 20:26:43 +0900
  
ActionController::RoutingError (No route matches [GET] "/top"):
  
actionpack (6.0.3.4) lib/action_dispatch/middleware/debug_exceptions.rb:36:in `call'
web-console (4.0.4) lib/web_console/middleware.rb:132:in `call_app'
web-console (4.0.4) lib/web_console/middleware.rb:28:in `block in call'
web-console (4.0.4) lib/web_console/middleware.rb:17:in `catch'
web-console (4.0.4) lib/web_console/middleware.rb:17:in `call'
actionpack (6.0.3.4) lib/action_dispatch/middleware/show_exceptions.rb:33:in `call'
railties (6.0.3.4) lib/rails/rack/logger.rb:37:in `call_app'
railties (6.0.3.4) lib/rails/rack/logger.rb:26:in `block in call'
activesupport (6.0.3.4) lib/active_support/tagged_logging.rb:80:in `block in tagged'
activesupport (6.0.3.4) lib/active_support/tagged_logging.rb:28:in `tagged'
activesupport (6.0.3.4) lib/active_support/tagged_logging.rb:80:in `tagged'
railties (6.0.3.4) lib/rails/rack/logger.rb:26:in `call'
sprockets-rails (3.2.2) lib/sprockets/rails/quiet_assets.rb:13:in `call'
actionpack (6.0.3.4) lib/action_dispatch/middleware/remote_ip.rb:81:in `call'
actionpack (6.0.3.4) lib/action_dispatch/middleware/request_id.rb:27:in `call'
rack (2.2.3) lib/rack/method_override.rb:24:in `call'
rack (2.2.3) lib/rack/runtime.rb:22:in `call'
activesupport (6.0.3.4) lib/active_support/cache/strategy/local_cache_middleware.rb:29:in `call'
actionpack (6.0.3.4) lib/action_dispatch/middleware/executor.rb:14:in `call'
actionpack (6.0.3.4) lib/action_dispatch/middleware/static.rb:126:in `call'
rack (2.2.3) lib/rack/sendfile.rb:110:in `call'
actionpack (6.0.3.4) lib/action_dispatch/middleware/host_authorization.rb:82:in `call'
webpacker (4.3.0) lib/webpacker/dev_server_proxy.rb:23:in `perform_request'
rack-proxy (0.6.5) lib/rack/proxy.rb:57:in `call'
railties (6.0.3.4) lib/rails/engine.rb:527:in `call'
puma (4.3.6) lib/puma/configuration.rb:228:in `call'
puma (4.3.6) lib/puma/server.rb:713:in `handle_request'
puma (4.3.6) lib/puma/server.rb:472:in `process_client'
puma (4.3.6) lib/puma/server.rb:328:in `block in run'
puma (4.3.6) lib/puma/thread_pool.rb:134:in `block in spawn_thread'
Started GET "/about" for ::1 at 2020-10-27 20:26:56 +0900
Processing by HomeController#about as HTML
  Rendering home/about.html.erb within layouts/application
  Rendered home/about.html.erb within layouts/application (Duration: 0.3ms | Allocations: 102)
[Webpacker] Everything's up-to-date. Nothing to do
Completed 200 OK in 31ms (Views: 30.0ms | ActiveRecord: 0.0ms | Allocations: 4502)


Started GET "/about" for ::1 at 2020-10-27 20:27:24 +0900
Processing by HomeController#about as HTML
  Rendering home/about.html.erb within layouts/application
  Rendered home/about.html.erb within layouts/application (Duration: 0.0ms | Allocations: 4)
[Webpacker] Everything's up-to-date. Nothing to do
Completed 200 OK in 32ms (Views: 31.2ms | ActiveRecord: 0.0ms | Allocations: 4287)


Started GET "/posts/index" for ::1 at 2020-10-27 20:28:21 +0900
  
ActionController::RoutingError (No route matches [GET] "/posts/index"):
  
actionpack (6.0.3.4) lib/action_dispatch/middleware/debug_exceptions.rb:36:in `call'
web-console (4.0.4) lib/web_console/middleware.rb:132:in `call_app'
web-console (4.0.4) lib/web_console/middleware.rb:28:in `block in call'
web-console (4.0.4) lib/web_console/middleware.rb:17:in `catch'
web-console (4.0.4) lib/web_console/middleware.rb:17:in `call'
actionpack (6.0.3.4) lib/action_dispatch/middleware/show_exceptions.rb:33:in `call'
railties (6.0.3.4) lib/rails/rack/logger.rb:37:in `call_app'
railties (6.0.3.4) lib/rails/rack/logger.rb:26:in `block in call'
activesupport (6.0.3.4) lib/active_support/tagged_logging.rb:80:in `block in tagged'
activesupport (6.0.3.4) lib/active_support/tagged_logging.rb:28:in `tagged'
activesupport (6.0.3.4) lib/active_support/tagged_logging.rb:80:in `tagged'
railties (6.0.3.4) lib/rails/rack/logger.rb:26:in `call'
sprockets-rails (3.2.2) lib/sprockets/rails/quiet_assets.rb:13:in `call'
actionpack (6.0.3.4) lib/action_dispatch/middleware/remote_ip.rb:81:in `call'
actionpack (6.0.3.4) lib/action_dispatch/middleware/request_id.rb:27:in `call'
rack (2.2.3) lib/rack/method_override.rb:24:in `call'
rack (2.2.3) lib/rack/runtime.rb:22:in `call'
activesupport (6.0.3.4) lib/active_support/cache/strategy/local_cache_middleware.rb:29:in `call'
actionpack (6.0.3.4) lib/action_dispatch/middleware/executor.rb:14:in `call'
actionpack (6.0.3.4) lib/action_dispatch/middleware/static.rb:126:in `call'
rack (2.2.3) lib/rack/sendfile.rb:110:in `call'
actionpack (6.0.3.4) lib/action_dispatch/middleware/host_authorization.rb:82:in `call'
webpacker (4.3.0) lib/webpacker/dev_server_proxy.rb:23:in `perform_request'
rack-proxy (0.6.5) lib/rack/proxy.rb:57:in `call'
railties (6.0.3.4) lib/rails/engine.rb:527:in `call'
puma (4.3.6) lib/puma/configuration.rb:228:in `call'
puma (4.3.6) lib/puma/server.rb:713:in `handle_request'
puma (4.3.6) lib/puma/server.rb:472:in `process_client'
puma (4.3.6) lib/puma/server.rb:328:in `block in run'
puma (4.3.6) lib/puma/thread_pool.rb:134:in `block in spawn_thread'
Started GET "/posts/index" for ::1 at 2020-10-27 20:34:04 +0900
  [1m[35m (0.0ms)[0m  [1m[34mSELECT sqlite_version(*)[0m
Processing by PostsController#index as HTML
  Rendering posts/index.html.erb within layouts/application
  Rendered posts/index.html.erb within layouts/application (Duration: 0.4ms | Allocations: 102)
[Webpacker] Everything's up-to-date. Nothing to do
Completed 200 OK in 133ms (Views: 131.9ms | ActiveRecord: 0.0ms | Allocations: 14356)


Started GET "/posts/index" for ::1 at 2020-10-27 21:26:50 +0900
  [1m[35m (0.1ms)[0m  [1m[34mSELECT sqlite_version(*)[0m
Processing by PostsController#index as HTML
  Rendering posts/index.html.erb within layouts/application
  Rendered posts/index.html.erb within layouts/application (Duration: 0.4ms | Allocations: 186)
[Webpacker] Everything's up-to-date. Nothing to do
Completed 200 OK in 36ms (Views: 35.0ms | ActiveRecord: 0.0ms | Allocations: 5575)


Started GET "/posts/index" for ::1 at 2020-10-27 21:26:56 +0900
Processing by PostsController#index as HTML
  Rendering posts/index.html.erb within layouts/application
  Rendered posts/index.html.erb within layouts/application (Duration: 0.0ms | Allocations: 8)
[Webpacker] Everything's up-to-date. Nothing to do
Completed 200 OK in 31ms (Views: 30.3ms | ActiveRecord: 0.0ms | Allocations: 4484)


Started GET "/posts/index" for ::1 at 2020-10-27 21:53:17 +0900
  [1m[35m (0.1ms)[0m  [1m[34mSELECT sqlite_version(*)[0m
Processing by PostsController#index as HTML
  Rendering posts/index.html.erb within layouts/application
  Rendered posts/index.html.erb within layouts/application (Duration: 0.5ms | Allocations: 198)
[Webpacker] Everything's up-to-date. Nothing to do
Completed 200 OK in 36ms (Views: 34.3ms | ActiveRecord: 0.0ms | Allocations: 5590)


Started GET "/posts/index" for ::1 at 2020-10-27 21:53:19 +0900
Processing by PostsController#index as HTML
  Rendering posts/index.html.erb within layouts/application
  Rendered posts/index.html.erb within layouts/application (Duration: 0.0ms | Allocations: 9)
[Webpacker] Everything's up-to-date. Nothing to do
Completed 200 OK in 31ms (Views: 30.5ms | ActiveRecord: 0.0ms | Allocations: 4481)


Started GET "/about" for ::1 at 2020-10-27 21:53:21 +0900
Processing by HomeController#about as HTML
  Rendering home/about.html.erb within layouts/application
  Rendered home/about.html.erb within layouts/application (Duration: 0.3ms | Allocations: 97)
[Webpacker] Everything's up-to-date. Nothing to do
Completed 200 OK in 34ms (Views: 32.9ms | ActiveRecord: 0.0ms | Allocations: 5057)


Started GET "/" for ::1 at 2020-10-27 21:53:23 +0900
Processing by HomeController#top as HTML
  Rendering home/top.html.erb within layouts/application
  Rendered home/top.html.erb within layouts/application (Duration: 0.3ms | Allocations: 96)
[Webpacker] Everything's up-to-date. Nothing to do
Completed 200 OK in 33ms (Views: 31.6ms | ActiveRecord: 0.0ms | Allocations: 4712)


Started GET "/posts/index" for ::1 at 2020-10-27 21:56:56 +0900
  [1m[35m (0.1ms)[0m  [1m[34mSELECT sqlite_version(*)[0m
Processing by PostsController#index as HTML
  Rendering posts/index.html.erb within layouts/application
  Rendered posts/index.html.erb within layouts/application (Duration: 0.4ms | Allocations: 171)
[Webpacker] Everything's up-to-date. Nothing to do
Completed 200 OK in 36ms (Views: 34.4ms | ActiveRecord: 0.0ms | Allocations: 5529)


  [1m[35m (0.4ms)[0m  [1m[34mSELECT sqlite_version(*)[0m
  [1m[35m (9.0ms)[0m  [1m[35mCREATE TABLE "schema_migrations" ("version" varchar NOT NULL PRIMARY KEY)[0m
  [1m[35m (8.1ms)[0m  [1m[35mCREATE TABLE "ar_internal_metadata" ("key" varchar NOT NULL PRIMARY KEY, "value" varchar, "created_at" datetime(6) NOT NULL, "updated_at" datetime(6) NOT NULL)[0m
  [1m[35m (0.2ms)[0m  [1m[34mSELECT "schema_migrations"."version" FROM "schema_migrations" ORDER BY "schema_migrations"."version" ASC[0m
Migrating to CreatePosts (20201027130713)
  [1m[35m (0.0ms)[0m  [1m[36mbegin transaction[0m
  [1m[35m (0.7ms)[0m  [1m[35mCREATE TABLE "posts" ("id" integer PRIMARY KEY AUTOINCREMENT NOT NULL, "content" text, "created_at" datetime(6) NOT NULL, "updated_at" datetime(6) NOT NULL)[0m
  [1m[36mprimary::SchemaMigration Create (0.2ms)[0m  [1m[32mINSERT INTO "schema_migrations" ("version") VALUES (?)[0m  [["version", "20201027130713"]]
  [1m[35m (6.7ms)[0m  [1m[36mcommit transaction[0m
  [1m[36mActiveRecord::InternalMetadata Load (0.2ms)[0m  [1m[34mSELECT "ar_internal_metadata".* FROM "ar_internal_metadata" WHERE "ar_internal_metadata"."key" = ? LIMIT ?[0m  [["key", "environment"], ["LIMIT", 1]]
  [1m[35m (0.0ms)[0m  [1m[36mbegin transaction[0m
  [1m[36mActiveRecord::InternalMetadata Create (0.6ms)[0m  [1m[32mINSERT INTO "ar_internal_metadata" ("key", "value", "created_at", "updated_at") VALUES (?, ?, ?, ?)[0m  [["key", "environment"], ["value", "development"], ["created_at", "2020-10-27 13:08:56.299053"], ["updated_at", "2020-10-27 13:08:56.299053"]]
  [1m[35m (6.7ms)[0m  [1m[36mcommit transaction[0m
  [1m[35m (0.0ms)[0m  [1m[34mSELECT sqlite_version(*)[0m
  [1m[35m (0.1ms)[0m  [1m[34mSELECT "schema_migrations"."version" FROM "schema_migrations" ORDER BY "schema_migrations"."version" ASC[0m
Started GET "/posts/index" for ::1 at 2020-10-27 22:32:23 +0900
  [1m[35m (0.1ms)[0m  [1m[34mSELECT sqlite_version(*)[0m
  [1m[35m (0.2ms)[0m  [1m[34mSELECT "schema_migrations"."version" FROM "schema_migrations" ORDER BY "schema_migrations"."version" ASC[0m
Processing by PostsController#index as HTML
  Rendering posts/index.html.erb within layouts/application
  Rendered posts/index.html.erb within layouts/application (Duration: 0.1ms | Allocations: 6)
[Webpacker] Everything's up-to-date. Nothing to do
Completed 200 OK in 39ms (Views: 38.2ms | ActiveRecord: 0.0ms | Allocations: 4607)


Started GET "/about" for ::1 at 2020-10-27 22:32:25 +0900
Processing by HomeController#about as HTML
  Rendering home/about.html.erb within layouts/application
  Rendered home/about.html.erb within layouts/application (Duration: 0.4ms | Allocations: 102)
[Webpacker] Everything's up-to-date. Nothing to do
Completed 200 OK in 34ms (Views: 33.0ms | ActiveRecord: 0.0ms | Allocations: 5093)


Started GET "/" for ::1 at 2020-10-27 22:32:26 +0900
Processing by HomeController#top as HTML
  Rendering home/top.html.erb within layouts/application
  Rendered home/top.html.erb within layouts/application (Duration: 0.3ms | Allocations: 96)
[Webpacker] Everything's up-to-date. Nothing to do
Completed 200 OK in 32ms (Views: 31.0ms | ActiveRecord: 0.0ms | Allocations: 4710)


  [1m[35m (0.4ms)[0m  [1m[34mSELECT sqlite_version(*)[0m
  [1m[36mPost Load (0.1ms)[0m  [1m[34mSELECT "posts".* FROM "posts" ORDER BY "posts"."id" ASC LIMIT ?[0m  [["LIMIT", 1]]
  [1m[35m (0.4ms)[0m  [1m[34mSELECT sqlite_version(*)[0m
  [1m[36mPost Load (0.2ms)[0m  [1m[34mSELECT "posts".* FROM "posts" LIMIT ?[0m  [["LIMIT", 11]]
  [1m[36mPost Load (0.2ms)[0m  [1m[34mSELECT "posts".* FROM "posts"[0m
Started GET "/posts/index" for ::1 at 2020-10-27 22:48:11 +0900
  [1m[35m (0.1ms)[0m  [1m[34mSELECT sqlite_version(*)[0m
Processing by PostsController#index as HTML
  Rendering posts/index.html.erb within layouts/application
  Rendered posts/index.html.erb within layouts/application (Duration: 0.0ms | Allocations: 6)
[Webpacker] Everything's up-to-date. Nothing to do
Completed 200 OK in 33ms (Views: 32.8ms | ActiveRecord: 0.0ms | Allocations: 4488)


Started GET "/about" for ::1 at 2020-10-27 22:48:13 +0900
Processing by HomeController#about as HTML
  Rendering home/about.html.erb within layouts/application
  Rendered home/about.html.erb within layouts/application (Duration: 0.0ms | Allocations: 4)
[Webpacker] Everything's up-to-date. Nothing to do
Completed 200 OK in 33ms (Views: 32.0ms | ActiveRecord: 0.0ms | Allocations: 4457)


Started GET "/" for ::1 at 2020-10-27 22:48:13 +0900
Processing by HomeController#top as HTML
  Rendering home/top.html.erb within layouts/application
  Rendered home/top.html.erb within layouts/application (Duration: 0.0ms | Allocations: 4)
[Webpacker] Everything's up-to-date. Nothing to do
Completed 200 OK in 31ms (Views: 30.9ms | ActiveRecord: 0.0ms | Allocations: 4497)


Started GET "/posts/index" for ::1 at 2020-10-27 22:57:51 +0900
  [1m[35m (0.1ms)[0m  [1m[34mSELECT sqlite_version(*)[0m
Processing by PostsController#index as HTML
  Rendering posts/index.html.erb within layouts/application
  [1m[36mPost Load (0.2ms)[0m  [1m[34mSELECT "posts".* FROM "posts"[0m
  â†³ app/views/posts/index.html.erb:16
  Rendered posts/index.html.erb within layouts/application (Duration: 3.2ms | Allocations: 1251)
[Webpacker] Everything's up-to-date. Nothing to do
Completed 200 OK in 42ms (Views: 38.6ms | ActiveRecord: 0.6ms | Allocations: 6970)


Started GET "/about" for ::1 at 2020-10-27 22:57:54 +0900
Processing by HomeController#about as HTML
  Rendering home/about.html.erb within layouts/application
  Rendered home/about.html.erb within layouts/application (Duration: 0.4ms | Allocations: 97)
[Webpacker] Everything's up-to-date. Nothing to do
Completed 200 OK in 42ms (Views: 40.5ms | ActiveRecord: 0.0ms | Allocations: 5110)


Started GET "/" for ::1 at 2020-10-27 22:57:55 +0900
Processing by HomeController#top as HTML
  Rendering home/top.html.erb within layouts/application
  Rendered home/top.html.erb within layouts/application (Duration: 0.3ms | Allocations: 101)
[Webpacker] Everything's up-to-date. Nothing to do
Completed 200 OK in 32ms (Views: 30.4ms | ActiveRecord: 0.0ms | Allocations: 4721)


Started GET "/posts/index" for ::1 at 2020-10-27 22:57:57 +0900
Processing by PostsController#index as HTML
  Rendering posts/index.html.erb within layouts/application
  [1m[36mPost Load (0.1ms)[0m  [1m[34mSELECT "posts".* FROM "posts"[0m
  â†³ app/views/posts/index.html.erb:16
  Rendered posts/index.html.erb within layouts/application (Duration: 1.0ms | Allocations: 611)
[Webpacker] Everything's up-to-date. Nothing to do
Completed 200 OK in 32ms (Views: 31.6ms | ActiveRecord: 0.1ms | Allocations: 5105)


Started GET "/posts/index" for ::1 at 2020-10-27 22:58:22 +0900
Processing by PostsController#index as HTML
  Rendering posts/index.html.erb within layouts/application
  [1m[36mPost Load (0.1ms)[0m  [1m[34mSELECT "posts".* FROM "posts"[0m
  â†³ app/views/posts/index.html.erb:16
  Rendered posts/index.html.erb within layouts/application (Duration: 1.3ms | Allocations: 611)
[Webpacker] Everything's up-to-date. Nothing to do
Completed 200 OK in 32ms (Views: 31.2ms | ActiveRecord: 0.1ms | Allocations: 5103)


Started GET "/posts/index" for ::1 at 2020-10-27 23:01:08 +0900
Processing by PostsController#index as HTML
  Rendering posts/index.html.erb within layouts/application
  [1m[36mPost Load (0.2ms)[0m  [1m[34mSELECT "posts".* FROM "posts"[0m
  â†³ app/views/posts/index.html.erb:16
  Rendered posts/index.html.erb within layouts/application (Duration: 2.0ms | Allocations: 773)
[Webpacker] Everything's up-to-date. Nothing to do
Completed 200 OK in 39ms (Views: 37.0ms | ActiveRecord: 0.2ms | Allocations: 6195)


Started GET "/about" for ::1 at 2020-10-27 23:01:10 +0900
Processing by HomeController#about as HTML
  Rendering home/about.html.erb within layouts/application
  Rendered home/about.html.erb within layouts/application (Duration: 0.3ms | Allocations: 97)
[Webpacker] Everything's up-to-date. Nothing to do
Completed 200 OK in 34ms (Views: 33.3ms | ActiveRecord: 0.0ms | Allocations: 5097)


Started GET "/" for ::1 at 2020-10-27 23:01:11 +0900
Processing by HomeController#top as HTML
  Rendering home/top.html.erb within layouts/application
  Rendered home/top.html.erb within layouts/application (Duration: 0.3ms | Allocations: 96)
[Webpacker] Everything's up-to-date. Nothing to do
Completed 200 OK in 32ms (Views: 30.8ms | ActiveRecord: 0.0ms | Allocations: 4709)


Started GET "/about" for ::1 at 2020-10-27 23:01:26 +0900
Processing by HomeController#about as HTML
  Rendering home/about.html.erb within layouts/application
  Rendered home/about.html.erb within layouts/application (Duration: 0.0ms | Allocations: 4)
[Webpacker] Everything's up-to-date. Nothing to do
Completed 200 OK in 31ms (Views: 31.0ms | ActiveRecord: 0.0ms | Allocations: 4463)


Started GET "/" for ::1 at 2020-10-27 23:01:28 +0900
Processing by HomeController#top as HTML
  Rendering home/top.html.erb within layouts/application
  Rendered home/top.html.erb within layouts/application (Duration: 0.0ms | Allocations: 4)
[Webpacker] Everything's up-to-date. Nothing to do
Completed 200 OK in 31ms (Views: 30.3ms | ActiveRecord: 0.0ms | Allocations: 4485)


Started GET "/posts/index" for ::1 at 2020-10-27 23:05:01 +0900
Processing by PostsController#index as HTML
  Rendering posts/index.html.erb within layouts/application
  [1m[36mPost Load (0.2ms)[0m  [1m[34mSELECT "posts".* FROM "posts"[0m
  â†³ app/views/posts/index.html.erb:4
  Rendered posts/index.html.erb within layouts/application (Duration: 1.5ms | Allocations: 760)
[Webpacker] Everything's up-to-date. Nothing to do
Completed 200 OK in 38ms (Views: 36.3ms | ActiveRecord: 0.2ms | Allocations: 6174)


Started GET "/posts/index" for ::1 at 2020-10-27 23:07:34 +0900
Processing by PostsController#index as HTML
  Rendering posts/index.html.erb within layouts/application
  [1m[36mPost Load (0.1ms)[0m  [1m[34mSELECT "posts".* FROM "posts"[0m
  â†³ app/views/posts/index.html.erb:4
  Rendered posts/index.html.erb within layouts/application (Duration: 1.6ms | Allocations: 760)
[Webpacker] Everything's up-to-date. Nothing to do
Completed 200 OK in 39ms (Views: 37.1ms | ActiveRecord: 0.1ms | Allocations: 6278)


Started GET "/posts/index" for ::1 at 2020-10-27 23:08:06 +0900
Processing by PostsController#index as HTML
  Rendering posts/index.html.erb within layouts/application
  [1m[36mPost Load (0.1ms)[0m  [1m[34mSELECT "posts".* FROM "posts"[0m
  â†³ app/views/posts/index.html.erb:4
  Rendered posts/index.html.erb within layouts/application (Duration: 1.2ms | Allocations: 611)
[Webpacker] Everything's up-to-date. Nothing to do
Completed 200 OK in 32ms (Views: 31.7ms | ActiveRecord: 0.1ms | Allocations: 5147)


Started GET "/posts/index" for ::1 at 2020-10-27 23:08:07 +0900
Processing by PostsController#index as HTML
  Rendering posts/index.html.erb within layouts/application
  [1m[36mPost Load (0.1ms)[0m  [1m[34mSELECT "posts".* FROM "posts"[0m
  â†³ app/views/posts/index.html.erb:4
  Rendered posts/index.html.erb within layouts/application (Duration: 0.8ms | Allocations: 609)
[Webpacker] Everything's up-to-date. Nothing to do
Completed 200 OK in 32ms (Views: 31.4ms | ActiveRecord: 0.1ms | Allocations: 5126)


Started GET "/posts/index" for ::1 at 2020-10-27 23:08:07 +0900
Processing by PostsController#index as HTML
  Rendering posts/index.html.erb within layouts/application
  [1m[36mPost Load (0.1ms)[0m  [1m[34mSELECT "posts".* FROM "posts"[0m
  â†³ app/views/posts/index.html.erb:4
  Rendered posts/index.html.erb within layouts/application (Duration: 1.0ms | Allocations: 609)
[Webpacker] Everything's up-to-date. Nothing to do
Completed 200 OK in 37ms (Views: 36.7ms | ActiveRecord: 0.1ms | Allocations: 5142)


Started GET "/posts/index" for ::1 at 2020-10-27 23:08:08 +0900
Processing by PostsController#index as HTML
  Rendering posts/index.html.erb within layouts/application
  [1m[36mPost Load (0.1ms)[0m  [1m[34mSELECT "posts".* FROM "posts"[0m
  â†³ app/views/posts/index.html.erb:4
  Rendered posts/index.html.erb within layouts/application (Duration: 0.9ms | Allocations: 609)
[Webpacker] Everything's up-to-date. Nothing to do
Completed 200 OK in 32ms (Views: 31.1ms | ActiveRecord: 0.1ms | Allocations: 5132)


Started GET "/posts/index" for ::1 at 2020-10-27 23:12:01 +0900
Processing by PostsController#index as HTML
  Rendering posts/index.html.erb within layouts/application
  [1m[36mPost Load (0.4ms)[0m  [1m[34mSELECT "posts".* FROM "posts"[0m
  â†³ app/views/posts/index.html.erb:3
  Rendered posts/index.html.erb within layouts/application (Duration: 2.7ms | Allocations: 765)
[Webpacker] Everything's up-to-date. Nothing to do
Completed 200 OK in 37ms (Views: 35.7ms | ActiveRecord: 0.4ms | Allocations: 6288)


Started GET "/posts/index" for ::1 at 2020-10-27 23:12:04 +0900
Processing by PostsController#index as HTML
  Rendering posts/index.html.erb within layouts/application
  [1m[36mPost Load (0.1ms)[0m  [1m[34mSELECT "posts".* FROM "posts"[0m
  â†³ app/views/posts/index.html.erb:3
  Rendered posts/index.html.erb within layouts/application (Duration: 0.8ms | Allocations: 609)
[Webpacker] Everything's up-to-date. Nothing to do
Completed 200 OK in 32ms (Views: 31.3ms | ActiveRecord: 0.1ms | Allocations: 5139)


Started GET "/posts/index" for ::1 at 2020-10-27 23:12:10 +0900
Processing by PostsController#index as HTML
  Rendering posts/index.html.erb within layouts/application
  [1m[36mPost Load (0.1ms)[0m  [1m[34mSELECT "posts".* FROM "posts"[0m
  â†³ app/views/posts/index.html.erb:3
  Rendered posts/index.html.erb within layouts/application (Duration: 1.2ms | Allocations: 609)
[Webpacker] Everything's up-to-date. Nothing to do
Completed 200 OK in 33ms (Views: 32.8ms | ActiveRecord: 0.1ms | Allocations: 5134)


Started GET "/posts/index" for ::1 at 2020-10-27 23:12:11 +0900
Processing by PostsController#index as HTML
  Rendering posts/index.html.erb within layouts/application
  [1m[36mPost Load (0.3ms)[0m  [1m[34mSELECT "posts".* FROM "posts"[0m
  â†³ app/views/posts/index.html.erb:3
  Rendered posts/index.html.erb within layouts/application (Duration: 1.7ms | Allocations: 609)
[Webpacker] Everything's up-to-date. Nothing to do
Completed 200 OK in 32ms (Views: 31.5ms | ActiveRecord: 0.3ms | Allocations: 5132)


Started GET "/posts/index" for ::1 at 2020-10-27 23:12:12 +0900
Processing by PostsController#index as HTML
  Rendering posts/index.html.erb within layouts/application
  [1m[36mPost Load (0.2ms)[0m  [1m[34mSELECT "posts".* FROM "posts"[0m
  â†³ app/views/posts/index.html.erb:3
  Rendered posts/index.html.erb within layouts/application (Duration: 1.1ms | Allocations: 609)
[Webpacker] Everything's up-to-date. Nothing to do
Completed 200 OK in 32ms (Views: 30.8ms | ActiveRecord: 0.2ms | Allocations: 5132)


Started GET "/posts/index" for ::1 at 2020-10-27 23:12:12 +0900
Processing by PostsController#index as HTML
  Rendering posts/index.html.erb within layouts/application
  [1m[36mPost Load (0.1ms)[0m  [1m[34mSELECT "posts".* FROM "posts"[0m
  â†³ app/views/posts/index.html.erb:3
  Rendered posts/index.html.erb within layouts/application (Duration: 1.3ms | Allocations: 609)
[Webpacker] Everything's up-to-date. Nothing to do
Completed 200 OK in 33ms (Views: 32.3ms | ActiveRecord: 0.1ms | Allocations: 5132)


Started GET "/posts/index" for ::1 at 2020-10-27 23:12:44 +0900
  [1m[35m (0.1ms)[0m  [1m[34mSELECT sqlite_version(*)[0m
Processing by PostsController#index as HTML
  Rendering posts/index.html.erb within layouts/application
  [1m[36mPost Load (0.2ms)[0m  [1m[34mSELECT "posts".* FROM "posts"[0m
  â†³ app/views/posts/index.html.erb:3
  Rendered posts/index.html.erb within layouts/application (Duration: 1.6ms | Allocations: 1069)
[Webpacker] Everything's up-to-date. Nothing to do
Completed 200 OK in 34ms (Views: 32.5ms | ActiveRecord: 0.5ms | Allocations: 6046)


Started GET "/posts/index" for ::1 at 2020-10-28 01:10:57 +0900
  [1m[35m (0.1ms)[0m  [1m[34mSELECT sqlite_version(*)[0m
Processing by PostsController#index as HTML
  Rendering posts/index.html.erb within layouts/application
  [1m[36mPost Load (0.2ms)[0m  [1m[34mSELECT "posts".* FROM "posts"[0m
  â†³ app/views/posts/index.html.erb:3
  Rendered posts/index.html.erb within layouts/application (Duration: 2.6ms | Allocations: 906)
[Webpacker] Everything's up-to-date. Nothing to do
Completed 200 OK in 44ms (Views: 36.4ms | ActiveRecord: 0.2ms | Allocations: 5911)


Started GET "/posts/index" for ::1 at 2020-10-28 01:11:01 +0900
Processing by PostsController#index as HTML
  Rendering posts/index.html.erb within layouts/application
  [1m[36mPost Load (0.1ms)[0m  [1m[34mSELECT "posts".* FROM "posts"[0m
  â†³ app/views/posts/index.html.erb:3
  Rendered posts/index.html.erb within layouts/application (Duration: 1.3ms | Allocations: 609)
[Webpacker] Everything's up-to-date. Nothing to do
Completed 200 OK in 33ms (Views: 32.0ms | ActiveRecord: 0.1ms | Allocations: 5130)


Started GET "/posts/index" for ::1 at 2020-10-28 01:14:37 +0900
Processing by PostsController#index as HTML
  Rendering posts/index.html.erb within layouts/application
  [1m[36mPost Load (0.1ms)[0m  [1m[34mSELECT "posts".* FROM "posts"[0m
  â†³ app/views/posts/index.html.erb:3
  Rendered posts/index.html.erb within layouts/application (Duration: 1.5ms | Allocations: 609)
[Webpacker] Everything's up-to-date. Nothing to do
Completed 200 OK in 34ms (Views: 33.2ms | ActiveRecord: 0.1ms | Allocations: 5142)


Started GET "/posts/index" for ::1 at 2020-10-28 01:14:43 +0900
Processing by PostsController#index as HTML
  Rendering posts/index.html.erb within layouts/application
  [1m[36mPost Load (0.1ms)[0m  [1m[34mSELECT "posts".* FROM "posts"[0m
  â†³ app/views/posts/index.html.erb:3
  Rendered posts/index.html.erb within layouts/application (Duration: 1.4ms | Allocations: 609)
[Webpacker] Everything's up-to-date. Nothing to do
Completed 200 OK in 33ms (Views: 32.7ms | ActiveRecord: 0.1ms | Allocations: 5130)


Started GET "/posts/index" for ::1 at 2020-10-28 01:14:43 +0900
Processing by PostsController#index as HTML
  Rendering posts/index.html.erb within layouts/application
  [1m[36mPost Load (0.2ms)[0m  [1m[34mSELECT "posts".* FROM "posts"[0m
  â†³ app/views/posts/index.html.erb:3
  Rendered posts/index.html.erb within layouts/application (Duration: 1.2ms | Allocations: 609)
[Webpacker] Everything's up-to-date. Nothing to do
Completed 200 OK in 33ms (Views: 32.6ms | ActiveRecord: 0.2ms | Allocations: 5128)


Started GET "/posts/index" for ::1 at 2020-10-28 01:14:43 +0900
Processing by PostsController#index as HTML
  Rendering posts/index.html.erb within layouts/application
  [1m[36mPost Load (0.1ms)[0m  [1m[34mSELECT "posts".* FROM "posts"[0m
  â†³ app/views/posts/index.html.erb:3
  Rendered posts/index.html.erb within layouts/application (Duration: 1.1ms | Allocations: 609)
[Webpacker] Everything's up-to-date. Nothing to do
Completed 200 OK in 32ms (Views: 31.3ms | ActiveRecord: 0.1ms | Allocations: 5144)


Started GET "/posts/index" for ::1 at 2020-10-28 01:14:44 +0900
Processing by PostsController#index as HTML
  Rendering posts/index.html.erb within layouts/application
  [1m[36mPost Load (0.2ms)[0m  [1m[34mSELECT "posts".* FROM "posts"[0m
  â†³ app/views/posts/index.html.erb:3
  Rendered posts/index.html.erb within layouts/application (Duration: 1.5ms | Allocations: 609)
[Webpacker] Everything's up-to-date. Nothing to do
Completed 200 OK in 34ms (Views: 32.8ms | ActiveRecord: 0.2ms | Allocations: 5142)


  [1m[35m (0.7ms)[0m  [1m[34mSELECT sqlite_version(*)[0m
  [1m[35m (0.2ms)[0m  [1m[34mSELECT "schema_migrations"."version" FROM "schema_migrations" ORDER BY "schema_migrations"."version" ASC[0m
  [1m[36mActiveRecord::InternalMetadata Load (0.1ms)[0m  [1m[34mSELECT "ar_internal_metadata".* FROM "ar_internal_metadata" WHERE "ar_internal_metadata"."key" = ? LIMIT ?[0m  [["key", "environment"], ["LIMIT", 1]]
  [1m[35m (0.0ms)[0m  [1m[34mSELECT sqlite_version(*)[0m
  [1m[35m (0.1ms)[0m  [1m[34mSELECT "schema_migrations"."version" FROM "schema_migrations" ORDER BY "schema_migrations"."version" ASC[0m
Started GET "/posts/index" for ::1 at 2020-10-28 01:16:35 +0900
  [1m[35m (0.1ms)[0m  [1m[34mSELECT sqlite_version(*)[0m
Processing by PostsController#index as HTML
  Rendering posts/index.html.erb within layouts/application
  [1m[36mPost Load (0.2ms)[0m  [1m[34mSELECT "posts".* FROM "posts"[0m
  â†³ app/views/posts/index.html.erb:3
  Rendered posts/index.html.erb within layouts/application (Duration: 2.1ms | Allocations: 1069)
[Webpacker] Everything's up-to-date. Nothing to do
Completed 200 OK in 35ms (Views: 32.7ms | ActiveRecord: 0.5ms | Allocations: 6044)


Started GET "/posts/index" for ::1 at 2020-10-28 01:16:35 +0900
Processing by PostsController#index as HTML
  Rendering posts/index.html.erb within layouts/application
  [1m[36mPost Load (0.1ms)[0m  [1m[34mSELECT "posts".* FROM "posts"[0m
  â†³ app/views/posts/index.html.erb:3
  Rendered posts/index.html.erb within layouts/application (Duration: 1.4ms | Allocations: 609)
[Webpacker] Everything's up-to-date. Nothing to do
Completed 200 OK in 32ms (Views: 31.3ms | ActiveRecord: 0.1ms | Allocations: 5134)


Started GET "/posts/index" for ::1 at 2020-10-28 01:16:36 +0900
Processing by PostsController#index as HTML
  Rendering posts/index.html.erb within layouts/application
  [1m[36mPost Load (0.1ms)[0m  [1m[34mSELECT "posts".* FROM "posts"[0m
  â†³ app/views/posts/index.html.erb:3
  Rendered posts/index.html.erb within layouts/application (Duration: 1.0ms | Allocations: 609)
[Webpacker] Everything's up-to-date. Nothing to do
Completed 200 OK in 32ms (Views: 31.2ms | ActiveRecord: 0.1ms | Allocations: 5136)


Started GET "/posts/index" for ::1 at 2020-10-28 01:19:26 +0900
Processing by PostsController#index as HTML
  Rendering posts/index.html.erb within layouts/application
  [1m[36mPost Load (0.2ms)[0m  [1m[34mSELECT "posts".* FROM "posts"[0m
  â†³ app/views/posts/index.html.erb:3
  Rendered posts/index.html.erb within layouts/application (Duration: 1.4ms | Allocations: 609)
[Webpacker] Everything's up-to-date. Nothing to do
Completed 200 OK in 33ms (Views: 31.9ms | ActiveRecord: 0.2ms | Allocations: 5136)


  [1m[35m (0.4ms)[0m  [1m[34mSELECT sqlite_version(*)[0m
  [1m[36mPost Load (0.1ms)[0m  [1m[34mSELECT "posts".* FROM "posts" ORDER BY "posts"."id" ASC LIMIT ?[0m  [["LIMIT", 1]]
  [1m[35m (0.4ms)[0m  [1m[34mSELECT sqlite_version(*)[0m
  [1m[36mPost Load (0.1ms)[0m  [1m[34mSELECT "posts".* FROM "posts" LIMIT ?[0m  [["LIMIT", 11]]
  [1m[36mPost Load (0.2ms)[0m  [1m[34mSELECT "posts".* FROM "posts"[0m
Started GET "/posts/index" for ::1 at 2020-10-28 01:28:55 +0900
  [1m[35m (0.1ms)[0m  [1m[34mSELECT sqlite_version(*)[0m
Processing by PostsController#index as HTML
  Rendering posts/index.html.erb within layouts/application
  [1m[36mPost Load (0.2ms)[0m  [1m[34mSELECT "posts".* FROM "posts"[0m
  â†³ app/views/posts/index.html.erb:3
  Rendered posts/index.html.erb within layouts/application (Duration: 1.4ms | Allocations: 625)
[Webpacker] Everything's up-to-date. Nothing to do
Completed 200 OK in 34ms (Views: 32.8ms | ActiveRecord: 0.2ms | Allocations: 5154)


Started GET "/posts/index" for ::1 at 2020-10-28 01:28:55 +0900
Processing by PostsController#index as HTML
  Rendering posts/index.html.erb within layouts/application
  [1m[36mPost Load (0.1ms)[0m  [1m[34mSELECT "posts".* FROM "posts"[0m
  â†³ app/views/posts/index.html.erb:3
  Rendered posts/index.html.erb within layouts/application (Duration: 1.2ms | Allocations: 609)
[Webpacker] Everything's up-to-date. Nothing to do
Completed 200 OK in 32ms (Views: 31.6ms | ActiveRecord: 0.1ms | Allocations: 5128)


Started GET "/about" for ::1 at 2020-10-28 01:28:56 +0900
Processing by HomeController#about as HTML
  Rendering home/about.html.erb within layouts/application
  Rendered home/about.html.erb within layouts/application (Duration: 0.6ms | Allocations: 93)
[Webpacker] Everything's up-to-date. Nothing to do
Completed 200 OK in 35ms (Views: 33.6ms | ActiveRecord: 0.0ms | Allocations: 5087)


Started GET "/" for ::1 at 2020-10-28 01:28:58 +0900
Processing by HomeController#top as HTML
  Rendering home/top.html.erb within layouts/application
  Rendered home/top.html.erb within layouts/application (Duration: 0.4ms | Allocations: 87)
[Webpacker] Everything's up-to-date. Nothing to do
Completed 200 OK in 32ms (Views: 31.2ms | ActiveRecord: 0.0ms | Allocations: 4743)


Started GET "/posts/index" for ::1 at 2020-10-28 01:28:59 +0900
Processing by PostsController#index as HTML
  Rendering posts/index.html.erb within layouts/application
  [1m[36mPost Load (0.2ms)[0m  [1m[34mSELECT "posts".* FROM "posts"[0m
  â†³ app/views/posts/index.html.erb:3
  Rendered posts/index.html.erb within layouts/application (Duration: 1.4ms | Allocations: 609)
[Webpacker] Everything's up-to-date. Nothing to do
Completed 200 OK in 33ms (Views: 32.4ms | ActiveRecord: 0.2ms | Allocations: 5134)


Started GET "/about" for ::1 at 2020-10-28 01:29:00 +0900
Processing by HomeController#about as HTML
  Rendering home/about.html.erb within layouts/application
  Rendered home/about.html.erb within layouts/application (Duration: 0.0ms | Allocations: 4)
[Webpacker] Everything's up-to-date. Nothing to do
Completed 200 OK in 32ms (Views: 31.1ms | ActiveRecord: 0.0ms | Allocations: 4506)


Started GET "/" for ::1 at 2020-10-28 01:29:02 +0900
Processing by HomeController#top as HTML
  Rendering home/top.html.erb within layouts/application
  Rendered home/top.html.erb within layouts/application (Duration: 0.0ms | Allocations: 4)
[Webpacker] Everything's up-to-date. Nothing to do
Completed 200 OK in 38ms (Views: 37.6ms | ActiveRecord: 0.0ms | Allocations: 4522)


Started GET "/about" for ::1 at 2020-10-28 01:29:03 +0900
Processing by HomeController#about as HTML
  Rendering home/about.html.erb within layouts/application
  Rendered home/about.html.erb within layouts/application (Duration: 0.0ms | Allocations: 4)
[Webpacker] Everything's up-to-date. Nothing to do
Completed 200 OK in 31ms (Views: 30.6ms | ActiveRecord: 0.0ms | Allocations: 4511)


Started GET "/posts/index" for ::1 at 2020-10-28 01:29:03 +0900
Processing by PostsController#index as HTML
  Rendering posts/index.html.erb within layouts/application
  [1m[36mPost Load (0.1ms)[0m  [1m[34mSELECT "posts".* FROM "posts"[0m
  â†³ app/views/posts/index.html.erb:3
  Rendered posts/index.html.erb within layouts/application (Duration: 1.2ms | Allocations: 609)
[Webpacker] Everything's up-to-date. Nothing to do
Completed 200 OK in 33ms (Views: 32.6ms | ActiveRecord: 0.1ms | Allocations: 5132)


Started GET "/posts/index" for ::1 at 2020-10-28 01:30:47 +0900
Processing by PostsController#index as HTML
  Rendering posts/index.html.erb within layouts/application
  [1m[36mPost Load (0.2ms)[0m  [1m[34mSELECT "posts".* FROM "posts"[0m
  â†³ app/views/posts/index.html.erb:3
  Rendered posts/index.html.erb within layouts/application (Duration: 1.5ms | Allocations: 609)
[Webpacker] Everything's up-to-date. Nothing to do
Completed 200 OK in 35ms (Views: 34.5ms | ActiveRecord: 0.2ms | Allocations: 5142)


Started GET "/posts/index" for ::1 at 2020-10-28 01:30:48 +0900
Processing by PostsController#index as HTML
  Rendering posts/index.html.erb within layouts/application
  [1m[36mPost Load (0.1ms)[0m  [1m[34mSELECT "posts".* FROM "posts"[0m
  â†³ app/views/posts/index.html.erb:3
  Rendered posts/index.html.erb within layouts/application (Duration: 1.3ms | Allocations: 609)
[Webpacker] Everything's up-to-date. Nothing to do
Completed 200 OK in 33ms (Views: 31.8ms | ActiveRecord: 0.1ms | Allocations: 5140)


Started GET "/posts/index" for ::1 at 2020-10-28 01:35:09 +0900
Processing by PostsController#index as HTML
  Rendering posts/index.html.erb within layouts/application
  Rendered posts/index.html.erb within layouts/application (Duration: 0.6ms | Allocations: 177)
[Webpacker] Everything's up-to-date. Nothing to do
Completed 200 OK in 37ms (Views: 35.2ms | ActiveRecord: 0.0ms | Allocations: 5699)


Started GET "/posts/index" for ::1 at 2020-10-28 01:36:36 +0900
Processing by PostsController#index as HTML
  Rendering posts/index.html.erb within layouts/application
  Rendered posts/index.html.erb within layouts/application (Duration: 0.6ms | Allocations: 239)
[Webpacker] Everything's up-to-date. Nothing to do
Completed 200 OK in 38ms (Views: 35.7ms | ActiveRecord: 0.0ms | Allocations: 5755)


Started GET "/posts/index" for ::1 at 2020-10-28 01:36:37 +0900
Processing by PostsController#index as HTML
  Rendering posts/index.html.erb within layouts/application
  Rendered posts/index.html.erb within layouts/application (Duration: 0.0ms | Allocations: 9)
[Webpacker] Everything's up-to-date. Nothing to do
Completed 200 OK in 31ms (Views: 30.7ms | ActiveRecord: 0.0ms | Allocations: 4537)


Started GET "/posts/index" for ::1 at 2020-10-28 01:36:53 +0900
Processing by PostsController#index as HTML
  Rendering posts/index.html.erb within layouts/application
  Rendered posts/index.html.erb within layouts/application (Duration: 0.4ms | Allocations: 190)
[Webpacker] Everything's up-to-date. Nothing to do
Completed 200 OK in 39ms (Views: 37.6ms | ActiveRecord: 0.0ms | Allocations: 5706)


Started GET "/posts/index" for ::1 at 2020-10-28 01:37:42 +0900
Processing by PostsController#index as HTML
  Rendering posts/index.html.erb within layouts/application
  [1m[36mPost Load (0.2ms)[0m  [1m[34mSELECT "posts".* FROM "posts"[0m
  â†³ app/views/posts/index.html.erb:11
  Rendered posts/index.html.erb within layouts/application (Duration: 1.6ms | Allocations: 790)
[Webpacker] Everything's up-to-date. Nothing to do
Completed 200 OK in 37ms (Views: 35.0ms | ActiveRecord: 0.2ms | Allocations: 6294)


Started GET "/posts/index" for ::1 at 2020-10-28 01:42:23 +0900
Processing by PostsController#index as HTML
  Rendering posts/index.html.erb within layouts/application
  Rendered posts/index.html.erb within layouts/application (Duration: 6.2ms | Allocations: 2006)
Completed 500 Internal Server Error in 12ms (ActiveRecord: 0.0ms | Allocations: 3206)


  
ActionView::Template::Error (undefined method `content' for "ä»Šæ—¥ã‹ã‚‰Progateã§Railsã®å‹‰å¼·ã™ã‚‹ã‚ˆãƒ¼ï¼":String
Did you mean?  constantize):
    10:     <div class="container">
    11:       <% posts.each do |post| %>
    12:         <div class="posts-index-item">
    13:           <%= post.content %>
    14:         </div>
    15:       <% end %>
    16:     </div>
  
app/views/posts/index.html.erb:13
app/views/posts/index.html.erb:11:in `each'
app/views/posts/index.html.erb:11
Started GET "/posts/index" for ::1 at 2020-10-28 01:42:33 +0900
Processing by PostsController#index as HTML
  Rendering posts/index.html.erb within layouts/application
  [1m[36mPost Load (0.2ms)[0m  [1m[34mSELECT "posts".* FROM "posts"[0m
  â†³ app/views/posts/index.html.erb:11
  Rendered posts/index.html.erb within layouts/application (Duration: 1.9ms | Allocations: 789)
[Webpacker] Everything's up-to-date. Nothing to do
Completed 200 OK in 37ms (Views: 35.2ms | ActiveRecord: 0.2ms | Allocations: 6320)


Started GET "/posts/index" for ::1 at 2020-10-28 01:42:42 +0900
Processing by PostsController#index as HTML
  Rendering posts/index.html.erb within layouts/application
  Rendered posts/index.html.erb within layouts/application (Duration: 0.4ms | Allocations: 187)
[Webpacker] Everything's up-to-date. Nothing to do
Completed 200 OK in 36ms (Views: 34.5ms | ActiveRecord: 0.0ms | Allocations: 5697)


  [1m[35m (8.9ms)[0m  [1m[34mSELECT sqlite_version(*)[0m
  [1m[36mPost Load (0.2ms)[0m  [1m[34mSELECT "posts".* FROM "posts" WHERE "posts"."id" = ? LIMIT ?[0m  [["id", 3], ["LIMIT", 1]]
  [1m[36mPost Load (0.2ms)[0m  [1m[34mSELECT "posts".* FROM "posts" WHERE "posts"."id" = ? LIMIT ?[0m  [["id", 3], ["LIMIT", 1]]
Started GET "/" for ::1 at 2020-10-28 12:50:32 +0900
Started GET "/about" for ::1 at 2020-10-28 12:50:32 +0900
Started GET "/about" for ::1 at 2020-10-28 12:50:32 +0900
Started GET "/" for ::1 at 2020-10-28 12:50:32 +0900
Started GET "/" for ::1 at 2020-10-28 12:50:32 +0900
  [1m[35m (0.6ms)[0m  [1m[34mSELECT sqlite_version(*)[0m
  [1m[35m (0.1ms)[0m  [1m[34mSELECT sqlite_version(*)[0m
  [1m[35m (0.2ms)[0m  [1m[34mSELECT "schema_migrations"."version" FROM "schema_migrations" ORDER BY "schema_migrations"."version" ASC[0m
  [1m[35m (0.1ms)[0m  [1m[34mSELECT sqlite_version(*)[0m
  [1m[35m (0.1ms)[0m  [1m[34mSELECT "schema_migrations"."version" FROM "schema_migrations" ORDER BY "schema_migrations"."version" ASC[0m
  [1m[35m (0.1ms)[0m  [1m[34mSELECT sqlite_version(*)[0m
Processing by HomeController#top as HTML
Processing by HomeController#top as HTML
Processing by HomeController#about as HTML
Processing by HomeController#about as HTML
  Rendering home/top.html.erb within layouts/application
  Rendering home/top.html.erb within layouts/application
  Rendering home/about.html.erb within layouts/application
  Rendering home/about.html.erb within layouts/application
  [1m[35m (0.1ms)[0m  [1m[34mSELECT sqlite_version(*)[0m
  Rendered home/top.html.erb within layouts/application (Duration: 13.7ms | Allocations: 1282)
  Rendered home/about.html.erb within layouts/application (Duration: 4.9ms | Allocations: 1270)
  Rendered home/top.html.erb within layouts/application (Duration: 5.4ms | Allocations: 1363)
  Rendered home/about.html.erb within layouts/application (Duration: 5.4ms | Allocations: 1383)
Processing by HomeController#top as HTML
  Rendering home/top.html.erb within layouts/application
  Rendered home/top.html.erb within layouts/application (Duration: 0.0ms | Allocations: 5)
Completed 500 Internal Server Error in 129ms (ActiveRecord: 0.0ms | Allocations: 25103)


  
ActionView::Template::Error (Permission denied @ rb_file_s_rename - (C:/Users/sharo/app/tmp/cache/assets/sprockets/v4.0.0/9-/9-MzGfZTl4mnpNvfhDmWUgdp3d8usQzTaJ3VF8kf5UI.cache.75933400.91300.273886, C:/Users/sharo/app/tmp/cache/assets/sprockets/v4.0.0/9-/9-MzGfZTl4mnpNvfhDmWUgdp3d8usQzTaJ3VF8kf5UI.cache)):
  
sprockets (4.0.2) lib/sprockets/path_utils.rb:362:in `rename'
sprockets (4.0.2) lib/sprockets/path_utils.rb:362:in `atomic_write'
sprockets (4.0.2) lib/sprockets/cache/file_store.rb:112:in `set'
sprockets (4.0.2) lib/sprockets/cache.rb:227:in `set'
sprockets (4.0.2) lib/sprockets/cache.rb:143:in `set'
sprockets (4.0.2) lib/sprockets/loader.rb:263:in `store_asset'
sprockets (4.0.2) lib/sprockets/loader.rb:226:in `load_from_unloaded'
sprockets (4.0.2) lib/sprockets/loader.rb:59:in `block in load'
sprockets (4.0.2) lib/sprockets/loader.rb:337:in `fetch_asset_from_dependency_cache'
sprockets (4.0.2) lib/sprockets/loader.rb:43:in `load'
sprockets (4.0.2) lib/sprockets/cached_environment.rb:44:in `load'
sprockets (4.0.2) lib/sprockets/bundle.rb:27:in `call'
sprockets (4.0.2) lib/sprockets/processor_utils.rb:84:in `call_processor'
sprockets (4.0.2) lib/sprockets/processor_utils.rb:66:in `block in call_processors'
sprockets (4.0.2) lib/sprockets/processor_utils.rb:65:in `reverse_each'
sprockets (4.0.2) lib/sprockets/processor_utils.rb:65:in `call_processors'
sprockets (4.0.2) lib/sprockets/loader.rb:182:in `load_from_unloaded'
sprockets (4.0.2) lib/sprockets/loader.rb:59:in `block in load'
sprockets (4.0.2) lib/sprockets/loader.rb:337:in `fetch_asset_from_dependency_cache'
sprockets (4.0.2) lib/sprockets/loader.rb:43:in `load'
sprockets (4.0.2) lib/sprockets/cached_environment.rb:44:in `load'
sprockets (4.0.2) lib/sprockets/base.rb:81:in `find_asset'
sprockets (4.0.2) lib/sprockets/base.rb:88:in `find_all_linked_assets'
sprockets (4.0.2) lib/sprockets/manifest.rb:125:in `block (2 levels) in find'
concurrent-ruby (1.1.7) lib/concurrent-ruby/concurrent/executor/safe_task_executor.rb:24:in `block in execute'
concurrent-ruby (1.1.7) lib/concurrent-ruby/concurrent/synchronization/mutex_lockable_object.rb:41:in `block in synchronize'
concurrent-ruby (1.1.7) lib/concurrent-ruby/concurrent/synchronization/mutex_lockable_object.rb:41:in `synchronize'
concurrent-ruby (1.1.7) lib/concurrent-ruby/concurrent/synchronization/mutex_lockable_object.rb:41:in `synchronize'
concurrent-ruby (1.1.7) lib/concurrent-ruby/concurrent/executor/safe_task_executor.rb:19:in `execute'
concurrent-ruby (1.1.7) lib/concurrent-ruby/concurrent/promise.rb:563:in `block in realize'
concurrent-ruby (1.1.7) lib/concurrent-ruby/concurrent/executor/ruby_thread_pool_executor.rb:363:in `run_task'
concurrent-ruby (1.1.7) lib/concurrent-ruby/concurrent/executor/ruby_thread_pool_executor.rb:352:in `block (3 levels) in create_worker'
concurrent-ruby (1.1.7) lib/concurrent-ruby/concurrent/executor/ruby_thread_pool_executor.rb:335:in `loop'
concurrent-ruby (1.1.7) lib/concurrent-ruby/concurrent/executor/ruby_thread_pool_executor.rb:335:in `block (2 levels) in create_worker'
concurrent-ruby (1.1.7) lib/concurrent-ruby/concurrent/executor/ruby_thread_pool_executor.rb:334:in `catch'
concurrent-ruby (1.1.7) lib/concurrent-ruby/concurrent/executor/ruby_thread_pool_executor.rb:334:in `block in create_worker'
Completed 500 Internal Server Error in 156ms (ActiveRecord: 0.0ms | Allocations: 29196)


  
ActionView::Template::Error (Permission denied @ rb_file_s_rename - (C:/Users/sharo/app/tmp/cache/assets/sprockets/v4.0.0/9-/9-MzGfZTl4mnpNvfhDmWUgdp3d8usQzTaJ3VF8kf5UI.cache.75602940.91300.71529, C:/Users/sharo/app/tmp/cache/assets/sprockets/v4.0.0/9-/9-MzGfZTl4mnpNvfhDmWUgdp3d8usQzTaJ3VF8kf5UI.cache)):
  
sprockets (4.0.2) lib/sprockets/path_utils.rb:362:in `rename'
sprockets (4.0.2) lib/sprockets/path_utils.rb:362:in `atomic_write'
sprockets (4.0.2) lib/sprockets/cache/file_store.rb:112:in `set'
sprockets (4.0.2) lib/sprockets/cache.rb:227:in `set'
sprockets (4.0.2) lib/sprockets/cache.rb:143:in `set'
sprockets (4.0.2) lib/sprockets/loader.rb:263:in `store_asset'
sprockets (4.0.2) lib/sprockets/loader.rb:226:in `load_from_unloaded'
sprockets (4.0.2) lib/sprockets/loader.rb:59:in `block in load'
sprockets (4.0.2) lib/sprockets/loader.rb:337:in `fetch_asset_from_dependency_cache'
sprockets (4.0.2) lib/sprockets/loader.rb:43:in `load'
sprockets (4.0.2) lib/sprockets/cached_environment.rb:44:in `load'
sprockets (4.0.2) lib/sprockets/bundle.rb:27:in `call'
sprockets (4.0.2) lib/sprockets/processor_utils.rb:84:in `call_processor'
sprockets (4.0.2) lib/sprockets/processor_utils.rb:66:in `block in call_processors'
sprockets (4.0.2) lib/sprockets/processor_utils.rb:65:in `reverse_each'
sprockets (4.0.2) lib/sprockets/processor_utils.rb:65:in `call_processors'
sprockets (4.0.2) lib/sprockets/loader.rb:182:in `load_from_unloaded'
sprockets (4.0.2) lib/sprockets/loader.rb:59:in `block in load'
sprockets (4.0.2) lib/sprockets/loader.rb:337:in `fetch_asset_from_dependency_cache'
sprockets (4.0.2) lib/sprockets/loader.rb:43:in `load'
sprockets (4.0.2) lib/sprockets/cached_environment.rb:44:in `load'
sprockets (4.0.2) lib/sprockets/base.rb:81:in `find_asset'
sprockets (4.0.2) lib/sprockets/base.rb:88:in `find_all_linked_assets'
sprockets (4.0.2) lib/sprockets/manifest.rb:125:in `block (2 levels) in find'
concurrent-ruby (1.1.7) lib/concurrent-ruby/concurrent/executor/safe_task_executor.rb:24:in `block in execute'
concurrent-ruby (1.1.7) lib/concurrent-ruby/concurrent/synchronization/mutex_lockable_object.rb:41:in `block in synchronize'
concurrent-ruby (1.1.7) lib/concurrent-ruby/concurrent/synchronization/mutex_lockable_object.rb:41:in `synchronize'
concurrent-ruby (1.1.7) lib/concurrent-ruby/concurrent/synchronization/mutex_lockable_object.rb:41:in `synchronize'
concurrent-ruby (1.1.7) lib/concurrent-ruby/concurrent/executor/safe_task_executor.rb:19:in `execute'
concurrent-ruby (1.1.7) lib/concurrent-ruby/concurrent/promise.rb:563:in `block in realize'
concurrent-ruby (1.1.7) lib/concurrent-ruby/concurrent/executor/ruby_thread_pool_executor.rb:363:in `run_task'
concurrent-ruby (1.1.7) lib/concurrent-ruby/concurrent/executor/ruby_thread_pool_executor.rb:352:in `block (3 levels) in create_worker'
concurrent-ruby (1.1.7) lib/concurrent-ruby/concurrent/executor/ruby_thread_pool_executor.rb:335:in `loop'
concurrent-ruby (1.1.7) lib/concurrent-ruby/concurrent/executor/ruby_thread_pool_executor.rb:335:in `block (2 levels) in create_worker'
concurrent-ruby (1.1.7) lib/concurrent-ruby/concurrent/executor/ruby_thread_pool_executor.rb:334:in `catch'
concurrent-ruby (1.1.7) lib/concurrent-ruby/concurrent/executor/ruby_thread_pool_executor.rb:334:in `block in create_worker'
Completed 500 Internal Server Error in 163ms (ActiveRecord: 0.0ms | Allocations: 29692)


  
ActionView::Template::Error (Permission denied @ rb_file_s_rename - (C:/Users/sharo/app/tmp/cache/assets/sprockets/v4.0.0/9-/9-MzGfZTl4mnpNvfhDmWUgdp3d8usQzTaJ3VF8kf5UI.cache.75855120.91300.366662, C:/Users/sharo/app/tmp/cache/assets/sprockets/v4.0.0/9-/9-MzGfZTl4mnpNvfhDmWUgdp3d8usQzTaJ3VF8kf5UI.cache)):
  
sprockets (4.0.2) lib/sprockets/path_utils.rb:362:in `rename'
sprockets (4.0.2) lib/sprockets/path_utils.rb:362:in `atomic_write'
sprockets (4.0.2) lib/sprockets/cache/file_store.rb:112:in `set'
sprockets (4.0.2) lib/sprockets/cache.rb:227:in `set'
sprockets (4.0.2) lib/sprockets/cache.rb:143:in `set'
sprockets (4.0.2) lib/sprockets/loader.rb:263:in `store_asset'
sprockets (4.0.2) lib/sprockets/loader.rb:226:in `load_from_unloaded'
sprockets (4.0.2) lib/sprockets/loader.rb:59:in `block in load'
sprockets (4.0.2) lib/sprockets/loader.rb:337:in `fetch_asset_from_dependency_cache'
sprockets (4.0.2) lib/sprockets/loader.rb:43:in `load'
sprockets (4.0.2) lib/sprockets/cached_environment.rb:44:in `load'
sprockets (4.0.2) lib/sprockets/bundle.rb:27:in `call'
sprockets (4.0.2) lib/sprockets/processor_utils.rb:84:in `call_processor'
sprockets (4.0.2) lib/sprockets/processor_utils.rb:66:in `block in call_processors'
sprockets (4.0.2) lib/sprockets/processor_utils.rb:65:in `reverse_each'
sprockets (4.0.2) lib/sprockets/processor_utils.rb:65:in `call_processors'
sprockets (4.0.2) lib/sprockets/loader.rb:182:in `load_from_unloaded'
sprockets (4.0.2) lib/sprockets/loader.rb:59:in `block in load'
sprockets (4.0.2) lib/sprockets/loader.rb:337:in `fetch_asset_from_dependency_cache'
sprockets (4.0.2) lib/sprockets/loader.rb:43:in `load'
sprockets (4.0.2) lib/sprockets/cached_environment.rb:44:in `load'
sprockets (4.0.2) lib/sprockets/base.rb:81:in `find_asset'
sprockets (4.0.2) lib/sprockets/base.rb:88:in `find_all_linked_assets'
sprockets (4.0.2) lib/sprockets/manifest.rb:125:in `block (2 levels) in find'
concurrent-ruby (1.1.7) lib/concurrent-ruby/concurrent/executor/safe_task_executor.rb:24:in `block in execute'
concurrent-ruby (1.1.7) lib/concurrent-ruby/concurrent/synchronization/mutex_lockable_object.rb:41:in `block in synchronize'
concurrent-ruby (1.1.7) lib/concurrent-ruby/concurrent/synchronization/mutex_lockable_object.rb:41:in `synchronize'
concurrent-ruby (1.1.7) lib/concurrent-ruby/concurrent/synchronization/mutex_lockable_object.rb:41:in `synchronize'
concurrent-ruby (1.1.7) lib/concurrent-ruby/concurrent/executor/safe_task_executor.rb:19:in `execute'
concurrent-ruby (1.1.7) lib/concurrent-ruby/concurrent/promise.rb:563:in `block in realize'
concurrent-ruby (1.1.7) lib/concurrent-ruby/concurrent/executor/ruby_thread_pool_executor.rb:363:in `run_task'
concurrent-ruby (1.1.7) lib/concurrent-ruby/concurrent/executor/ruby_thread_pool_executor.rb:352:in `block (3 levels) in create_worker'
concurrent-ruby (1.1.7) lib/concurrent-ruby/concurrent/executor/ruby_thread_pool_executor.rb:335:in `loop'
concurrent-ruby (1.1.7) lib/concurrent-ruby/concurrent/executor/ruby_thread_pool_executor.rb:335:in `block (2 levels) in create_worker'
concurrent-ruby (1.1.7) lib/concurrent-ruby/concurrent/executor/ruby_thread_pool_executor.rb:334:in `catch'
concurrent-ruby (1.1.7) lib/concurrent-ruby/concurrent/executor/ruby_thread_pool_executor.rb:334:in `block in create_worker'
Completed 500 Internal Server Error in 188ms (ActiveRecord: 0.0ms | Allocations: 31364)


  
ActionView::Template::Error (Permission denied @ rb_file_s_rename - (C:/Users/sharo/app/tmp/cache/assets/sprockets/v4.0.0/9-/9-MzGfZTl4mnpNvfhDmWUgdp3d8usQzTaJ3VF8kf5UI.cache.75867400.91300.209127, C:/Users/sharo/app/tmp/cache/assets/sprockets/v4.0.0/9-/9-MzGfZTl4mnpNvfhDmWUgdp3d8usQzTaJ3VF8kf5UI.cache)):
  
sprockets (4.0.2) lib/sprockets/path_utils.rb:362:in `rename'
sprockets (4.0.2) lib/sprockets/path_utils.rb:362:in `atomic_write'
sprockets (4.0.2) lib/sprockets/cache/file_store.rb:112:in `set'
sprockets (4.0.2) lib/sprockets/cache.rb:227:in `set'
sprockets (4.0.2) lib/sprockets/cache.rb:143:in `set'
sprockets (4.0.2) lib/sprockets/loader.rb:263:in `store_asset'
sprockets (4.0.2) lib/sprockets/loader.rb:226:in `load_from_unloaded'
sprockets (4.0.2) lib/sprockets/loader.rb:59:in `block in load'
sprockets (4.0.2) lib/sprockets/loader.rb:337:in `fetch_asset_from_dependency_cache'
sprockets (4.0.2) lib/sprockets/loader.rb:43:in `load'
sprockets (4.0.2) lib/sprockets/cached_environment.rb:44:in `load'
sprockets (4.0.2) lib/sprockets/bundle.rb:27:in `call'
sprockets (4.0.2) lib/sprockets/processor_utils.rb:84:in `call_processor'
sprockets (4.0.2) lib/sprockets/processor_utils.rb:66:in `block in call_processors'
sprockets (4.0.2) lib/sprockets/processor_utils.rb:65:in `reverse_each'
sprockets (4.0.2) lib/sprockets/processor_utils.rb:65:in `call_processors'
sprockets (4.0.2) lib/sprockets/loader.rb:182:in `load_from_unloaded'
sprockets (4.0.2) lib/sprockets/loader.rb:59:in `block in load'
sprockets (4.0.2) lib/sprockets/loader.rb:337:in `fetch_asset_from_dependency_cache'
sprockets (4.0.2) lib/sprockets/loader.rb:43:in `load'
sprockets (4.0.2) lib/sprockets/cached_environment.rb:44:in `load'
sprockets (4.0.2) lib/sprockets/base.rb:81:in `find_asset'
sprockets (4.0.2) lib/sprockets/base.rb:88:in `find_all_linked_assets'
sprockets (4.0.2) lib/sprockets/manifest.rb:125:in `block (2 levels) in find'
concurrent-ruby (1.1.7) lib/concurrent-ruby/concurrent/executor/safe_task_executor.rb:24:in `block in execute'
concurrent-ruby (1.1.7) lib/concurrent-ruby/concurrent/synchronization/mutex_lockable_object.rb:41:in `block in synchronize'
concurrent-ruby (1.1.7) lib/concurrent-ruby/concurrent/synchronization/mutex_lockable_object.rb:41:in `synchronize'
concurrent-ruby (1.1.7) lib/concurrent-ruby/concurrent/synchronization/mutex_lockable_object.rb:41:in `synchronize'
concurrent-ruby (1.1.7) lib/concurrent-ruby/concurrent/executor/safe_task_executor.rb:19:in `execute'
concurrent-ruby (1.1.7) lib/concurrent-ruby/concurrent/promise.rb:563:in `block in realize'
concurrent-ruby (1.1.7) lib/concurrent-ruby/concurrent/executor/ruby_thread_pool_executor.rb:363:in `run_task'
concurrent-ruby (1.1.7) lib/concurrent-ruby/concurrent/executor/ruby_thread_pool_executor.rb:352:in `block (3 levels) in create_worker'
concurrent-ruby (1.1.7) lib/concurrent-ruby/concurrent/executor/ruby_thread_pool_executor.rb:335:in `loop'
concurrent-ruby (1.1.7) lib/concurrent-ruby/concurrent/executor/ruby_thread_pool_executor.rb:335:in `block (2 levels) in create_worker'
concurrent-ruby (1.1.7) lib/concurrent-ruby/concurrent/executor/ruby_thread_pool_executor.rb:334:in `catch'
concurrent-ruby (1.1.7) lib/concurrent-ruby/concurrent/executor/ruby_thread_pool_executor.rb:334:in `block in create_worker'
Started GET "/" for ::1 at 2020-10-28 12:50:33 +0900
[Webpacker] Everything's up-to-date. Nothing to do
Completed 200 OK in 644ms (Views: 622.2ms | ActiveRecord: 0.0ms | Allocations: 271544)


Started GET "/" for ::1 at 2020-10-28 12:50:33 +0900
Started GET "/top" for ::1 at 2020-10-28 12:50:33 +0900
Processing by HomeController#top as HTML
  Rendering home/top.html.erb within layouts/application
  Rendered home/top.html.erb within layouts/application (Duration: 0.0ms | Allocations: 4)
Started GET "/top" for ::1 at 2020-10-28 12:50:33 +0900
Processing by HomeController#top as HTML
  Rendering home/top.html.erb within layouts/application
  Rendered home/top.html.erb within layouts/application (Duration: 0.0ms | Allocations: 4)
Started GET "/posts/index" for ::1 at 2020-10-28 12:50:33 +0900
  
ActionController::RoutingError (No route matches [GET] "/top"):
  
actionpack (6.0.3.4) lib/action_dispatch/middleware/debug_exceptions.rb:36:in `call'
web-console (4.0.4) lib/web_console/middleware.rb:132:in `call_app'
web-console (4.0.4) lib/web_console/middleware.rb:28:in `block in call'
web-console (4.0.4) lib/web_console/middleware.rb:17:in `catch'
web-console (4.0.4) lib/web_console/middleware.rb:17:in `call'
actionpack (6.0.3.4) lib/action_dispatch/middleware/show_exceptions.rb:33:in `call'
railties (6.0.3.4) lib/rails/rack/logger.rb:37:in `call_app'
railties (6.0.3.4) lib/rails/rack/logger.rb:26:in `block in call'
activesupport (6.0.3.4) lib/active_support/tagged_logging.rb:80:in `block in tagged'
activesupport (6.0.3.4) lib/active_support/tagged_logging.rb:28:in `tagged'
activesupport (6.0.3.4) lib/active_support/tagged_logging.rb:80:in `tagged'
railties (6.0.3.4) lib/rails/rack/logger.rb:26:in `call'
sprockets-rails (3.2.2) lib/sprockets/rails/quiet_assets.rb:13:in `call'
actionpack (6.0.3.4) lib/action_dispatch/middleware/remote_ip.rb:81:in `call'
actionpack (6.0.3.4) lib/action_dispatch/middleware/request_id.rb:27:in `call'
rack (2.2.3) lib/rack/method_override.rb:24:in `call'
rack (2.2.3) lib/rack/runtime.rb:22:in `call'
activesupport (6.0.3.4) lib/active_support/cache/strategy/local_cache_middleware.rb:29:in `call'
actionpack (6.0.3.4) lib/action_dispatch/middleware/executor.rb:14:in `call'
actionpack (6.0.3.4) lib/action_dispatch/middleware/static.rb:126:in `call'
rack (2.2.3) lib/rack/sendfile.rb:110:in `call'
actionpack (6.0.3.4) lib/action_dispatch/middleware/host_authorization.rb:82:in `call'
webpacker (4.3.0) lib/webpacker/dev_server_proxy.rb:23:in `perform_request'
rack-proxy (0.6.5) lib/rack/proxy.rb:57:in `call'
railties (6.0.3.4) lib/rails/engine.rb:527:in `call'
puma (4.3.6) lib/puma/configuration.rb:228:in `call'
puma (4.3.6) lib/puma/server.rb:713:in `handle_request'
puma (4.3.6) lib/puma/server.rb:472:in `process_client'
puma (4.3.6) lib/puma/server.rb:328:in `block in run'
puma (4.3.6) lib/puma/thread_pool.rb:134:in `block in spawn_thread'
[Webpacker] Everything's up-to-date. Nothing to do
Completed 200 OK in 68ms (Views: 67.5ms | ActiveRecord: 0.0ms | Allocations: 35618)


  
ActionController::RoutingError (No route matches [GET] "/top"):
  
actionpack (6.0.3.4) lib/action_dispatch/middleware/debug_exceptions.rb:36:in `call'
web-console (4.0.4) lib/web_console/middleware.rb:132:in `call_app'
web-console (4.0.4) lib/web_console/middleware.rb:28:in `block in call'
web-console (4.0.4) lib/web_console/middleware.rb:17:in `catch'
web-console (4.0.4) lib/web_console/middleware.rb:17:in `call'
actionpack (6.0.3.4) lib/action_dispatch/middleware/show_exceptions.rb:33:in `call'
railties (6.0.3.4) lib/rails/rack/logger.rb:37:in `call_app'
railties (6.0.3.4) lib/rails/rack/logger.rb:26:in `block in call'
activesupport (6.0.3.4) lib/active_support/tagged_logging.rb:80:in `block in tagged'
activesupport (6.0.3.4) lib/active_support/tagged_logging.rb:28:in `tagged'
activesupport (6.0.3.4) lib/active_support/tagged_logging.rb:80:in `tagged'
railties (6.0.3.4) lib/rails/rack/logger.rb:26:in `call'
sprockets-rails (3.2.2) lib/sprockets/rails/quiet_assets.rb:13:in `call'
actionpack (6.0.3.4) lib/action_dispatch/middleware/remote_ip.rb:81:in `call'
actionpack (6.0.3.4) lib/action_dispatch/middleware/request_id.rb:27:in `call'
rack (2.2.3) lib/rack/method_override.rb:24:in `call'
rack (2.2.3) lib/rack/runtime.rb:22:in `call'
activesupport (6.0.3.4) lib/active_support/cache/strategy/local_cache_middleware.rb:29:in `call'
actionpack (6.0.3.4) lib/action_dispatch/middleware/executor.rb:14:in `call'
actionpack (6.0.3.4) lib/action_dispatch/middleware/static.rb:126:in `call'
rack (2.2.3) lib/rack/sendfile.rb:110:in `call'
actionpack (6.0.3.4) lib/action_dispatch/middleware/host_authorization.rb:82:in `call'
webpacker (4.3.0) lib/webpacker/dev_server_proxy.rb:23:in `perform_request'
rack-proxy (0.6.5) lib/rack/proxy.rb:57:in `call'
railties (6.0.3.4) lib/rails/engine.rb:527:in `call'
puma (4.3.6) lib/puma/configuration.rb:228:in `call'
puma (4.3.6) lib/puma/server.rb:713:in `handle_request'
puma (4.3.6) lib/puma/server.rb:472:in `process_client'
puma (4.3.6) lib/puma/server.rb:328:in `block in run'
puma (4.3.6) lib/puma/thread_pool.rb:134:in `block in spawn_thread'
[Webpacker] Everything's up-to-date. Nothing to do
Completed 200 OK in 67ms (Views: 66.6ms | ActiveRecord: 0.0ms | Allocations: 67035)


Processing by PostsController#index as HTML
  Rendering posts/index.html.erb within layouts/application
  [1m[36mPost Load (0.2ms)[0m  [1m[34mSELECT "posts".* FROM "posts" LIMIT ?[0m  [["LIMIT", 11]]
  [1m[36mCACHE Post Load (0.0ms)[0m  [1m[34mSELECT "posts".* FROM "posts" LIMIT ?[0m  [["LIMIT", 11]]
  [1m[36mCACHE Post Load (0.0ms)[0m  [1m[34mSELECT "posts".* FROM "posts" LIMIT ?[0m  [["LIMIT", 11]]
  [1m[36mCACHE Post Load (0.0ms)[0m  [1m[34mSELECT "posts".* FROM "posts" LIMIT ?[0m  [["LIMIT", 11]]
  [1m[36mCACHE Post Load (0.0ms)[0m  [1m[34mSELECT "posts".* FROM "posts" LIMIT ?[0m  [["LIMIT", 11]]
  [1m[36mCACHE Post Load (0.0ms)[0m  [1m[34mSELECT "posts".* FROM "posts" LIMIT ?[0m  [["LIMIT", 11]]
  [1m[36mCACHE Post Load (0.0ms)[0m  [1m[34mSELECT "posts".* FROM "posts" LIMIT ?[0m  [["LIMIT", 11]]
  [1m[36mCACHE Post Load (0.0ms)[0m  [1m[34mSELECT "posts".* FROM "posts" LIMIT ?[0m  [["LIMIT", 11]]
  Rendered posts/index.html.erb within layouts/application (Duration: 247.8ms | Allocations: 172325)
Completed 500 Internal Server Error in 257ms (ActiveRecord: 0.6ms | Allocations: 177928)


  
ActionView::Template::Error (undefined local variable or method `posts' for #<#<Class:0x000000000a2d6478>:0x000000000a2d4b50>
Did you mean?  @posts):
    2: 
    3:   <div class="main posts-index">
    4:     <div class="container">
    5:       <% posts.each do |post| %>
    6:         <div class="posts-index-item">
    7:           <%= post %>
    8:         </div>
  
app/views/posts/index.html.erb:5
Started GET "/posts/index" for ::1 at 2020-10-28 12:51:28 +0900
  [1m[35m (0.7ms)[0m  [1m[34mSELECT sqlite_version(*)[0m
  [1m[35m (0.3ms)[0m  [1m[34mSELECT "schema_migrations"."version" FROM "schema_migrations" ORDER BY "schema_migrations"."version" ASC[0m
Processing by PostsController#index as HTML
  Rendering posts/index.html.erb within layouts/application
  [1m[36mPost Load (0.2ms)[0m  [1m[34mSELECT "posts".* FROM "posts"[0m
  â†³ app/views/posts/index.html.erb:5
  Rendered posts/index.html.erb within layouts/application (Duration: 2.8ms | Allocations: 1319)
[Webpacker] Everything's up-to-date. Nothing to do
Completed 200 OK in 69ms (Views: 62.6ms | ActiveRecord: 0.5ms | Allocations: 10980)


Started GET "/posts/index" for ::1 at 2020-10-28 13:00:14 +0900
  [1m[35m (0.1ms)[0m  [1m[34mSELECT sqlite_version(*)[0m
Processing by PostsController#index as HTML
  Rendering posts/index.html.erb within layouts/application
  Rendered posts/index.html.erb within layouts/application (Duration: 0.4ms | Allocations: 191)
[Webpacker] Everything's up-to-date. Nothing to do
Completed 200 OK in 37ms (Views: 35.2ms | ActiveRecord: 0.0ms | Allocations: 5728)


Started GET "/" for ::1 at 2020-10-28 13:57:08 +0900
  [1m[35m (0.1ms)[0m  [1m[34mSELECT sqlite_version(*)[0m
Processing by HomeController#top as HTML
  Rendering home/top.html.erb within layouts/application
  Rendered home/top.html.erb within layouts/application (Duration: 0.3ms | Allocations: 91)
[Webpacker] Everything's up-to-date. Nothing to do
Completed 200 OK in 39ms (Views: 37.8ms | ActiveRecord: 0.0ms | Allocations: 5059)


Started GET "/posts/index" for ::1 at 2020-10-28 13:57:11 +0900
Processing by PostsController#index as HTML
  Rendering posts/index.html.erb within layouts/application
  Rendered posts/index.html.erb within layouts/application (Duration: 0.0ms | Allocations: 10)
[Webpacker] Everything's up-to-date. Nothing to do
Completed 200 OK in 31ms (Views: 30.4ms | ActiveRecord: 0.0ms | Allocations: 4561)


Started GET "/about" for ::1 at 2020-10-28 13:57:12 +0900
Processing by HomeController#about as HTML
  Rendering home/about.html.erb within layouts/application
  Rendered home/about.html.erb within layouts/application (Duration: 0.3ms | Allocations: 95)
[Webpacker] Everything's up-to-date. Nothing to do
Completed 200 OK in 32ms (Views: 30.5ms | ActiveRecord: 0.0ms | Allocations: 4707)


Started GET "/posts/index" for ::1 at 2020-10-28 13:57:13 +0900
Processing by PostsController#index as HTML
  Rendering posts/index.html.erb within layouts/application
  Rendered posts/index.html.erb within layouts/application (Duration: 0.0ms | Allocations: 10)
[Webpacker] Everything's up-to-date. Nothing to do
Completed 200 OK in 31ms (Views: 30.1ms | ActiveRecord: 0.0ms | Allocations: 4555)


Started GET "/" for ::1 at 2020-10-28 13:57:17 +0900
Processing by HomeController#top as HTML
  Rendering home/top.html.erb within layouts/application
  Rendered home/top.html.erb within layouts/application (Duration: 0.0ms | Allocations: 4)
[Webpacker] Everything's up-to-date. Nothing to do
Completed 200 OK in 30ms (Views: 29.8ms | ActiveRecord: 0.0ms | Allocations: 4521)


Started GET "/about" for ::1 at 2020-10-28 14:46:58 +0900
  [1m[35m (0.1ms)[0m  [1m[34mSELECT sqlite_version(*)[0m
Processing by HomeController#about as HTML
  Rendering home/about.html.erb within layouts/application
  Rendered home/about.html.erb within layouts/application (Duration: 0.0ms | Allocations: 4)
[Webpacker] Everything's up-to-date. Nothing to do
Completed 200 OK in 37ms (Views: 36.6ms | ActiveRecord: 0.0ms | Allocations: 4500)


Started GET "/" for ::1 at 2020-10-28 14:47:00 +0900
Processing by HomeController#top as HTML
  Rendering home/top.html.erb within layouts/application
  Rendered home/top.html.erb within layouts/application (Duration: 0.0ms | Allocations: 4)
[Webpacker] Everything's up-to-date. Nothing to do
Completed 200 OK in 31ms (Views: 30.5ms | ActiveRecord: 0.0ms | Allocations: 4532)


Started GET "/about" for ::1 at 2020-10-28 14:47:01 +0900
Processing by HomeController#about as HTML
  Rendering home/about.html.erb within layouts/application
  Rendered home/about.html.erb within layouts/application (Duration: 0.0ms | Allocations: 4)
[Webpacker] Everything's up-to-date. Nothing to do
Completed 200 OK in 30ms (Views: 29.8ms | ActiveRecord: 0.0ms | Allocations: 4501)


Started GET "/" for ::1 at 2020-10-28 15:15:32 +0900
  [1m[35m (0.6ms)[0m  [1m[34mSELECT sqlite_version(*)[0m
  [1m[35m (0.2ms)[0m  [1m[34mSELECT "schema_migrations"."version" FROM "schema_migrations" ORDER BY "schema_migrations"."version" ASC[0m
Processing by HomeController#top as HTML
  Rendering home/top.html.erb within layouts/application
  Rendered home/top.html.erb within layouts/application (Duration: 0.7ms | Allocations: 216)
[Webpacker] Everything's up-to-date. Nothing to do
Completed 200 OK in 79ms (Views: 74.6ms | ActiveRecord: 0.0ms | Allocations: 10064)


Started GET "/" for ::1 at 2020-10-28 15:15:47 +0900
Processing by HomeController#top as HTML
  Rendering home/top.html.erb within layouts/application
  Rendered home/top.html.erb within layouts/application (Duration: 0.0ms | Allocations: 5)
[Webpacker] Everything's up-to-date. Nothing to do
Completed 200 OK in 32ms (Views: 31.6ms | ActiveRecord: 0.0ms | Allocations: 4525)


Started GET "/about" for ::1 at 2020-10-28 15:15:50 +0900
Processing by HomeController#about as HTML
  Rendering home/about.html.erb within layouts/application
  Rendered home/about.html.erb within layouts/application (Duration: 0.3ms | Allocations: 91)
[Webpacker] Everything's up-to-date. Nothing to do
Completed 200 OK in 32ms (Views: 31.1ms | ActiveRecord: 0.0ms | Allocations: 4714)


Started GET "/posts/index" for ::1 at 2020-10-28 15:15:52 +0900
Processing by PostsController#index as HTML
  Rendering posts/index.html.erb within layouts/application
  Rendered posts/index.html.erb within layouts/application (Duration: 0.5ms | Allocations: 196)
[Webpacker] Everything's up-to-date. Nothing to do
Completed 200 OK in 51ms (Views: 35.5ms | ActiveRecord: 0.0ms | Allocations: 5737)


Started GET "/about" for ::1 at 2020-10-28 15:15:53 +0900
Processing by HomeController#about as HTML
  Rendering home/about.html.erb within layouts/application
  Rendered home/about.html.erb within layouts/application (Duration: 0.1ms | Allocations: 5)
[Webpacker] Everything's up-to-date. Nothing to do
Completed 200 OK in 34ms (Views: 33.5ms | ActiveRecord: 0.0ms | Allocations: 4514)


Started GET "/" for ::1 at 2020-10-28 15:15:54 +0900
Processing by HomeController#top as HTML
  Rendering home/top.html.erb within layouts/application
  Rendered home/top.html.erb within layouts/application (Duration: 0.0ms | Allocations: 4)
[Webpacker] Everything's up-to-date. Nothing to do
Completed 200 OK in 41ms (Views: 40.1ms | ActiveRecord: 0.0ms | Allocations: 4523)


Started GET "/about" for ::1 at 2020-10-28 15:15:55 +0900
Processing by HomeController#about as HTML
  Rendering home/about.html.erb within layouts/application
  Rendered home/about.html.erb within layouts/application (Duration: 0.0ms | Allocations: 4)
[Webpacker] Everything's up-to-date. Nothing to do
Completed 200 OK in 34ms (Views: 33.6ms | ActiveRecord: 0.0ms | Allocations: 4503)


Started GET "/posts/index" for ::1 at 2020-10-28 15:15:55 +0900
Processing by PostsController#index as HTML
  Rendering posts/index.html.erb within layouts/application
  Rendered posts/index.html.erb within layouts/application (Duration: 0.0ms | Allocations: 9)
[Webpacker] Everything's up-to-date. Nothing to do
Completed 200 OK in 31ms (Views: 30.4ms | ActiveRecord: 0.0ms | Allocations: 4558)


Started GET "/" for ::1 at 2020-10-28 15:15:56 +0900
Processing by HomeController#top as HTML
  Rendering home/top.html.erb within layouts/application
  Rendered home/top.html.erb within layouts/application (Duration: 0.0ms | Allocations: 4)
[Webpacker] Everything's up-to-date. Nothing to do
Completed 200 OK in 32ms (Views: 31.9ms | ActiveRecord: 0.0ms | Allocations: 4510)


Started GET "/about" for ::1 at 2020-10-28 15:15:57 +0900
Processing by HomeController#about as HTML
  Rendering home/about.html.erb within layouts/application
  Rendered home/about.html.erb within layouts/application (Duration: 0.0ms | Allocations: 4)
[Webpacker] Everything's up-to-date. Nothing to do
Completed 200 OK in 30ms (Views: 30.0ms | ActiveRecord: 0.0ms | Allocations: 4501)


Started GET "/posts/index" for ::1 at 2020-10-28 15:15:58 +0900
Processing by PostsController#index as HTML
  Rendering posts/index.html.erb within layouts/application
  Rendered posts/index.html.erb within layouts/application (Duration: 0.0ms | Allocations: 9)
[Webpacker] Everything's up-to-date. Nothing to do
Completed 200 OK in 31ms (Views: 30.6ms | ActiveRecord: 0.0ms | Allocations: 4536)


Started GET "/posts/index" for ::1 at 2020-10-28 15:16:57 +0900
Processing by PostsController#index as HTML
  Rendering posts/index.html.erb within layouts/application
  Rendered posts/index.html.erb within layouts/application (Duration: 0.0ms | Allocations: 9)
[Webpacker] Everything's up-to-date. Nothing to do
Completed 200 OK in 31ms (Views: 30.3ms | ActiveRecord: 0.0ms | Allocations: 4540)


Started GET "/posts/index" for ::1 at 2020-10-28 15:16:57 +0900
Processing by PostsController#index as HTML
  Rendering posts/index.html.erb within layouts/application
  Rendered posts/index.html.erb within layouts/application (Duration: 0.0ms | Allocations: 9)
[Webpacker] Everything's up-to-date. Nothing to do
Completed 200 OK in 45ms (Views: 44.3ms | ActiveRecord: 0.0ms | Allocations: 4528)


